<?xml version="1.0" encoding="UTF-8"?>
<testsuite xmlns:xsi="http://www.w3.org/2001/XMLSchema-instance" xsi:noNamespaceSchemaLocation="https://maven.apache.org/surefire/maven-surefire-plugin/xsd/surefire-test-report-3.0.xsd" version="3.0" name="TestSuite" time="1.453" tests="6" errors="0" skipped="0" failures="0">
  <properties>
[...]
</properties>
  <testcase name="generate" classname="salt.hoprxi.id.LongIdTest" time="0.643">
    <system-out><![CDATA[68114712830148224
68114712830148225
68114712830148226
68114712830148227
68114712830148228
68114712830148229
68114712830148230
68114712830148231
68114712830148232
68114712830148233
68114712830148234
68114712830148235
68114712830148236
68114712830148237
68114712830148238
68114712830148239
68114712830148240
68114712830148241
68114712830148242
68114712830148243
68114712830148244
68114712830148245
68114712830148246
68114712830148247
68114712832245400
68114712832245401
68114712832245402
68114712832245403
68114712832245404
68114712832245405
68114712832245406
68114712832245407
68114712832245408
68114712832245409
68114712832245410
68114712832245411
68114712832245412
68114712832245413
68114712832245414
68114712832245415
68114712832245416
68114712832245417
68114712832245418
68114712832245419
68114712832245420
68114712832245421
68114712832245422
68114712832245423
68114712832245424
68114712832245425
68114712832245426
68114712832245427
68114712832245428
68114712832245429
68114712832245430
68114712832245431
68114712832245432
68114712832245433
68114712832245434
68114712832245435
68114712832245436
68114712832245437
68114712832245438
68114712834342591
68114712834342592
68114712834342593
68114712834342594
68114712834342595
68114712834342596
68114712834342597
68114712834342598
68114712834342599
68114712834342600
68114712834342601
68114712834342602
68114712834342603
68114712834342604
68114712834342605
68114712834342606
68114712834342607
68114712834342608
68114712834342609
68114712834342610
68114712834342611
68114712834342612
68114712834342613
68114712834342614
68114712834342615
68114712834342616
68114712834342617
68114712834342618
68114712834342619
68114712834342620
68114712834342621
68114712834342622
68114712834342623
68114712834342624
68114712834342625


68114713046154978
68114713046154979
68114713046154980
68114713046154981
68114713046154982
68114713046154983
68114713050349288
68114713050349289
68114713050349290
68114713050349291
68114713050349292
68114713050349293
68114713050349294
68114713052446447
68114713052446448
68114713052446449
68114713052446450
68114713052446451
68114713052446452
68114713052446453
68114713052446454
68114713052446455
68114713052446456
68114713052446457
68114713052446458
68114713052446459
68114713052446460
68114713052446461
68114713052446462
68114713052446463
68114713052446464
68114713052446465
68114713052446466
68114713052446467
68114713052446468
68114713052446469
68114713052446470
68114713052446471
68114713052446472
68114713052446473
68114713052446474
68114713052446475
68114713052446476
68114713052446477
68114713052446478
68114713052446479
68114713052446480
68114713052446481
68114713052446482
68114713052446483
68114713052446484
68114713052446485
68114713052446486
68114713052446487
68114713054543640
68114713054543641
68114713054543642
68114713054543643
68114713054543644
68114713054543645
68114713054543646
68114713054543647
68114713054543648
68114713054543649
68114713054543650
68114713054543651
68114713054543652
68114713054543653
68114713054543654
68114713054543655
68114713054543656
68114713054543657
68114713054543658
68114713054543659
68114713054543660
68114713054543661
68114713054543662
68114713054543663
68114713054543664
68114713054543665
68114713054543666
68114713054543667
68114713054543668
68114713054543669
68114713054543670
68114713054543671
68114713054543672
68114713054543673
68114713054543674
68114713054543675
68114713054543676
68114713054543677
68114713054543678
68114713054543679
68114713056640832
68114713056640833
68114713056640834
68114713056640835

68114712446368104
68114712448465616
68114712448465976
68114712450563488
68114712450563848
68114712450562160
68114712452659672
68114712452660032
]]></system-out>
    <system-err><![CDATA[SLF4J: Failed to load class "org.slf4j.impl.StaticLoggerBinder".
SLF4J: Defaulting to no-operation (NOP) logger implementation
SLF4J: See http://www.slf4j.org/codes.html#StaticLoggerBinder for further details.
]]></system-err>
  </testcase>
  <testcase name="timestamp" classname="salt.hoprxi.id.LongIdTest" time="0.019">
    <system-out><![CDATA[2015-03-26 00:00:00(UTC/GMT+08:00) to long:1427299200000
1427299200000L to date: 2015-03-26T00:00:00Z
Machine：1297149911
Process id：2077225439
Recover time from Identity:2024-01-11T22:07:06.323
2023-01-01 00:00:00(UTC/GMT+08:00) to long:1672502400000
1970-01-01 00:00:00(UTC/GMT+08:00) to long:0
now to long:1704982026329
]]></system-out>
  </testcase>
  <testcase name="id" classname="salt.hoprxi.id.ObjectIdTest" time="0.114"/>
  <testcase name="out" classname="salt.hoprxi.id.ObjectIdTest" time="0.004">
    <system-out><![CDATA[Machine：1297149911
Process id：2077225439
002c49d488ceefd7f1df9576
002c49d488ceefd7f1df9577
002c49d488ceefd7f1df9578
002c49d488ceefd7f1df9579
002c49d488ceefd7f1df957a
002c49d488ceefd7f1df957b
002c49d488ceefd7f1df957c
002c49d488ceefd7f1df957d
002c49d488ceefd7f1df957e
002c49d488ceefd7f1df957f
002c49d488cfefd7f1df9580
002c49d488cfefd7f1df9581
002c49d488cfefd7f1df9582
002c49d488cfefd7f1df9583
002c49d488cfefd7f1df9584
002c49d488cfefd7f1df9585
002c49d488cfefd7f1df9586
002c49d488cfefd7f1df9587
002c49d488cfefd7f1df9588
002c49d488cfefd7f1df9589
]]></system-out>
  </testcase>
  <testcase name="timestamp" classname="salt.hoprxi.id.ObjectIdTest" time="0.001">
    <system-out><![CDATA[2024-01-11T22:07:06.449
]]></system-out>
  </testcase>
  <testcase name="shouldAnswerWithTrue on shouldAnswerWithTrue(salt.hoprxi.AppTest)" classname="salt.hoprxi.AppTest" time="0.002"/>
</testsuite>