<?xml version="1.0" encoding="UTF-8"?>
<!-- Generated by org.testng.reporters.JUnitXMLReporter -->
<testsuite hostname="DESKTOP-3UDVRB3" ignored="0" name="Surefire test" tests="5" failures="0" timestamp="2024-01-11T22:07:01 CST" time="1.18" errors="0">
  <testcase name="testFormat" time="0.007" classname="salt.hoprxi.to.DigitalToChineseTest"/>
  <testcase name="bytesToImage" time="1.129" classname="salt.hoprxi.to.ImageBytesConversionTest"/>
  <testcase name="imageToByte" time="0.0" classname="salt.hoprxi.to.ImageBytesConversionTest"/>
  <testcase name="testToPinYing" time="0.004" classname="salt.hoprxi.to.PinYinTest"/>
  <testcase name="testToShortPinYing" time="0.0" classname="salt.hoprxi.to.PinYinTest"/>
</testsuite> <!-- Surefire test -->
