<?xml version="1.0" encoding="UTF-8"?>
<testsuite xmlns:xsi="http://www.w3.org/2001/XMLSchema-instance" xsi:noNamespaceSchemaLocation="https://maven.apache.org/surefire/maven-surefire-plugin/xsd/surefire-test-report-3.0.xsd" version="3.0" name="TestSuite" time="3.76" tests="5" errors="0" skipped="0" failures="0">
  <properties>
[...]
</properties>
  <testcase name="mantissaPreferenceFilter" classname="salt.hoprxi.utils.DigitPreferenceFilterTest" time="0.007"/>
  <testcase name="preferenceFilter" classname="salt.hoprxi.utils.DigitPreferenceFilterTest" time="0.001"/>
  <testcase name="testValueOf" classname="salt.hoprxi.utils.RandomGeneratorTest" time="0.011">
    <system-out><![CDATA[601077
301698
365816
369422
305243
628912
193725
395898
373542
196977
2147483647
2147483647
2147483647
2147483647
2147483647
2147483647
2147483647
2147483647
2147483647
2147483647
瘈呬续杣淕諷醷冟膨傝轾訑
漉抷殁膳簖鋻鑋銥耩汿蔦丩
螝洃币李侬凜稂揜袀饈朌蠔
懱堊墨恞挚誡溇悟礼焗磴蚥
惹琗殖蓍誋丹鉼磷繜皲賬啣
綍鈻軯衂咳仞軔端皨躹踧攷
瘱戫庥陕齭筡蓀驫敗姼铴睰
歂詁闵縳虊穇漥籧髦稷绪柂
绍煲震匘線縙凊曗隧嘄邷蒫
迕迤岃鎇乔偉臑澹賑瘌曈碝
CP4Aj9q8
j76b?DXT
1)ccRVg?
PFzInH7w
8dX8Aw*p
hCBzbv0u
8]hRMFZl
)ovKWre?
x.8[fU)U
oE3iuoYW
4476
4867
3619
2787
2074
4713
2731
4792
3158
3128
]]></system-out>
  </testcase>
  <testcase name="testSelector" classname="salt.hoprxi.utils.SelectorTest" time="3.16">
    <system-out><![CDATA[192.168.1.4
192.168.1.3
192.168.1.1
192.168.1.0

group 192.168.1.1: 233828(23.3828%)
group 192.168.1.3: 265083(26.5083%)
group 192.168.1.2: 241997(24.1997%)
group 192.168.1.4: 259092(25.9092%)

select 192.168.1.1: 234445(23.4445%)
select 192.168.1.3: 265408(26.5408%)
select 192.168.1.2: 241520(24.152%)
select 192.168.1.4: 258627(25.8627%)

add:
select 192.168.1.1: 121331(12.1331%)
select 192.168.1.3: 129909(12.9909%)
select 192.168.1.2: 117369(11.7369%)
select 192.168.1.8: 142744(14.2744%)
select 192.168.1.5: 114974(11.4974%)
select 192.168.1.4: 122694(12.2694%)
select 192.168.1.7: 139560(13.956%)
select 192.168.1.6: 111419(11.1419%)

delete:
select 192.168.1.1: 138594(13.8594%)
select 192.168.1.3: 152543(15.2543%)
select 192.168.1.2: 130789(13.0789%)
select 192.168.1.8: 163206(16.3206%)
select 192.168.1.4: 139111(13.9111%)
select 192.168.1.7: 154528(15.4528%)
select 192.168.1.6: 121229(12.1229%)
]]></system-out>
  </testcase>
  <testcase name="testApp on testApp(salt.hoprxi.AppTest)" classname="salt.hoprxi.AppTest" time="0.001"/>
</testsuite>