<?xml version="1.0" encoding="UTF-8"?>
<testsuite xmlns:xsi="http://www.w3.org/2001/XMLSchema-instance" xsi:noNamespaceSchemaLocation="https://maven.apache.org/surefire/maven-surefire-plugin/xsd/surefire-test-report.xsd" name="TestSuite" time="1.103" tests="7" errors="0" skipped="0" failures="0">
  <properties>
[...]
</properties>
  <testcase name="shouldAnswerWithTrue" classname="salt.hoprxi.AppTest" time="0.563"/>
  <testcase name="mantissaPreferenceFilter" classname="salt.hoprxi.utils.DigitPreferenceFilterTest" time="0.02"/>
  <testcase name="preferenceFilter" classname="salt.hoprxi.utils.DigitPreferenceFilterTest" time="0"/>
  <testcase name="getAbsolutePath" classname="salt.hoprxi.utils.UrlHelperTest" time="0"/>
  <testcase name="toUniversalFilePath" classname="salt.hoprxi.utils.UrlHelperTest" time="0"/>
  <testcase name="toUrl" classname="salt.hoprxi.utils.UrlHelperTest" time="0"/>
  <testcase name="toUrlWithPoint" classname="salt.hoprxi.utils.UrlHelperTest" time="0"/>
</testsuite>