<?xml version="1.0" encoding="UTF-8"?>
<testng-results skipped="0" failed="0" ignored="0" total="13" passed="13">
  <reporter-output>
  </reporter-output>
  <suite name="Command line suite" duration-ms="3375" started-at="2023-09-20T21:59:34 CST" finished-at="2023-09-20T21:59:38 CST">
    <groups>
    </groups>
    <test name="Command line test" duration-ms="3375" started-at="2023-09-20T21:59:34 CST" finished-at="2023-09-20T21:59:38 CST">
      <class name="salt.hoprxi.crypto.HashServiceTest">
        <test-method status="PASS" signature="bcryptEncryptAndCheck()[pri:0, instance:salt.hoprxi.crypto.HashServiceTest@7cd62f43]" name="bcryptEncryptAndCheck" duration-ms="181" started-at="2023-09-20T21:59:34 CST" finished-at="2023-09-20T21:59:34 CST">
          <reporter-output>
          </reporter-output>
        </test-method> <!-- bcryptEncryptAndCheck -->
        <test-method status="PASS" signature="pbhkdf2EncryptAndCheck()[pri:0, instance:salt.hoprxi.crypto.HashServiceTest@7cd62f43]" name="pbhkdf2EncryptAndCheck" duration-ms="496" started-at="2023-09-20T21:59:34 CST" finished-at="2023-09-20T21:59:35 CST">
          <reporter-output>
          </reporter-output>
        </test-method> <!-- pbhkdf2EncryptAndCheck -->
        <test-method status="PASS" signature="scryptCheck()[pri:0, instance:salt.hoprxi.crypto.HashServiceTest@7cd62f43]" name="scryptCheck" duration-ms="1163" started-at="2023-09-20T21:59:35 CST" finished-at="2023-09-20T21:59:36 CST">
          <reporter-output>
          </reporter-output>
        </test-method> <!-- scryptCheck -->
        <test-method status="PASS" signature="scryptSha()[pri:0, instance:salt.hoprxi.crypto.HashServiceTest@7cd62f43]" name="scryptSha" duration-ms="1" started-at="2023-09-20T21:59:36 CST" finished-at="2023-09-20T21:59:36 CST">
          <reporter-output>
          </reporter-output>
        </test-method> <!-- scryptSha -->
        <test-method status="PASS" signature="SM3EncryptAndCheck()[pri:1, instance:salt.hoprxi.crypto.HashServiceTest@7cd62f43]" name="SM3EncryptAndCheck" duration-ms="6" started-at="2023-09-20T21:59:36 CST" finished-at="2023-09-20T21:59:36 CST">
          <reporter-output>
          </reporter-output>
        </test-method> <!-- SM3EncryptAndCheck -->
        <test-method status="PASS" signature="scryptSha()[pri:0, instance:salt.hoprxi.crypto.HashServiceTest@7cd62f43]" name="scryptSha" duration-ms="0" started-at="2023-09-20T21:59:36 CST" finished-at="2023-09-20T21:59:36 CST">
          <reporter-output>
          </reporter-output>
        </test-method> <!-- scryptSha -->
        <test-method status="PASS" signature="SM3EncryptAndCheck()[pri:1, instance:salt.hoprxi.crypto.HashServiceTest@7cd62f43]" name="SM3EncryptAndCheck" duration-ms="2" started-at="2023-09-20T21:59:36 CST" finished-at="2023-09-20T21:59:36 CST">
          <reporter-output>
          </reporter-output>
        </test-method> <!-- SM3EncryptAndCheck -->
      </class> <!-- salt.hoprxi.crypto.HashServiceTest -->
      <class name="salt.hoprxi.crypto.PasswordServiceTest">
        <test-method status="PASS" signature="testAes()[pri:0, instance:salt.hoprxi.crypto.PasswordServiceTest@6d4b1c02]" name="testAes" duration-ms="99" started-at="2023-09-20T21:59:36 CST" finished-at="2023-09-20T21:59:36 CST">
          <reporter-output>
          </reporter-output>
        </test-method> <!-- testAes -->
        <test-method status="PASS" signature="testGeneratePassword()[pri:0, instance:salt.hoprxi.crypto.PasswordServiceTest@6d4b1c02]" name="testGeneratePassword" duration-ms="3" started-at="2023-09-20T21:59:36 CST" finished-at="2023-09-20T21:59:36 CST">
          <reporter-output>
          </reporter-output>
        </test-method> <!-- testGeneratePassword -->
        <test-method status="PASS" signature="testIsStrong()[pri:0, instance:salt.hoprxi.crypto.PasswordServiceTest@6d4b1c02]" name="testIsStrong" duration-ms="0" started-at="2023-09-20T21:59:36 CST" finished-at="2023-09-20T21:59:36 CST">
          <reporter-output>
          </reporter-output>
        </test-method> <!-- testIsStrong -->
        <test-method status="PASS" signature="testKeyPair()[pri:0, instance:salt.hoprxi.crypto.PasswordServiceTest@6d4b1c02]" name="testKeyPair" duration-ms="478" started-at="2023-09-20T21:59:36 CST" finished-at="2023-09-20T21:59:37 CST">
          <reporter-output>
          </reporter-output>
        </test-method> <!-- testKeyPair -->
        <test-method status="PASS" signature="testSign()[pri:0, instance:salt.hoprxi.crypto.PasswordServiceTest@6d4b1c02]" name="testSign" duration-ms="124" started-at="2023-09-20T21:59:37 CST" finished-at="2023-09-20T21:59:37 CST">
          <reporter-output>
          </reporter-output>
        </test-method> <!-- testSign -->
        <test-method status="PASS" signature="testStored()[pri:0, instance:salt.hoprxi.crypto.PasswordServiceTest@6d4b1c02]" name="testStored" duration-ms="785" started-at="2023-09-20T21:59:37 CST" finished-at="2023-09-20T21:59:38 CST">
          <reporter-output>
          </reporter-output>
        </test-method> <!-- testStored -->
      </class> <!-- salt.hoprxi.crypto.PasswordServiceTest -->
    </test> <!-- Command line test -->
  </suite> <!-- Command line suite -->
</testng-results>
