<?xml version="1.0" encoding="UTF-8"?>
<testsuite xmlns:xsi="http://www.w3.org/2001/XMLSchema-instance" xsi:noNamespaceSchemaLocation="https://maven.apache.org/surefire/maven-surefire-plugin/xsd/surefire-test-report-3.0.xsd" version="3.0" name="TestSuite" time="2.14" tests="6" errors="0" skipped="0" failures="0">
  <properties>
[...]
</properties>
  <testcase name="testFormat" classname="salt.hoprxi.to.DigitalToChineseTest" time="0.01">
    <system-out><![CDATA[柒佰捌拾壹亿壹仟贰佰柒拾捌万陆仟柒佰叁拾肆元肆角陆分
七百八十一亿一千二百七十八万六千七百三十四点四六
]]></system-out>
  </testcase>
  <testcase name="bytesToImage" classname="salt.hoprxi.to.ImageBytesConversionTest" time="1.494">
    <system-out><![CDATA[-119
80
78
71
13
10
26
10
0
0
0
13
73
72
68
82
0
0
1
-112
0
0
1
-112
8
6
0
0
0
-128
-65
54
-52
0
0
54
-20
73
68
65
84
120
-38
-19
-35
7
116
93
-43
-103
-10
-15
-72
96
-101
106
-86
49
-104
80
66
-17
-90
-122
-114
49
-51
-44
-112
97
-56
64
-122
100
-110
21
-110
-103
111
-110
25
-104
36
51
73
32
-128
67
9
96
-102
-125
33
-95
23
-45
49
61
16
32
-95
-40
-110
44
75
-74
-84
98
-55
-78
-36
-43
-84
106
75
-78
92
0
99
-5
124
-17
123
57
34
-78
-94
114
-17
61
123
-97
-6
127
-41
122
-106
61
-77
8
18
-9
-100
-67
127
119
-97
-77
-53
-41
28
-57
-7
26
33
-124
16
-110
105
-8
16
8
33
-124
0
8
33
-124
16
0
-23
-3
-105
-91
-88
12
-22
-45
79
63
29
46
-39
79
114
-86
-28
59
-110
-1
-108
-36
36
121
80
-14
-110
-28
93
73
-82
-92
76
82
45
105
-106
116
72
62
-109
56
3
68
-1
-71
118
-9
127
87
41
41
-106
124
36
121
85
-14
-88
-28
46
-55
-1
74
-2
85
114
-98
-28
72
-55
-50
92
21
42
-109
2
16
0
-95
-20
34
-79
-121
100
-100
-28
39
-110
59
37
-81
72
-26
72
90
-46
64
32
-120
-84
-107
44
-112
-68
47
121
72
-14
63
-110
111
73
14
-109
108
-59
21
-91
0
4
64
40
-13
80
-20
-28
66
-15
-33
-110
-57
37
5
-110
-43
33
69
34
-37
124
33
-103
47
-103
38
-103
40
-7
-74
100
95
-82
62
-128
0
8
-128
80
-23
99
-79
-75
-28
12
-9
17
-112
62
106
90
28
51
40
50
77
-101
-5
120
-20
14
119
-76
-78
59
119
9
-128
0
8
-128
80
127
31
93
92
38
-71
-41
29
89
108
72
56
24
-23
100
-71
-28
105
-55
53
-110
3
-72
-117
0
4
64
0
36
41
96
-116
-112
-100
43
-71
71
82
36
-39
4
8
-98
-77
-62
5
-27
106
70
40
0
2
32
0
18
55
52
-10
-111
-4
-105
-28
29
-55
122
58
124
-21
41
-111
-36
42
57
73
50
-104
59
16
64
0
-124
-118
26
26
-57
74
126
39
41
-91
67
15
52
45
-18
-60
-125
9
58
-75
-103
59
19
64
0
-124
10
43
26
-57
-71
-45
105
-105
-46
113
-121
50
58
115
-19
89
-55
69
76
27
6
16
0
-95
-62
-128
-58
-66
-110
27
36
85
116
-48
-111
-101
-35
-11
-80
-28
52
-55
32
-18
100
0
1
16
-54
47
52
-74
-107
-4
64
50
-125
-114
56
22
89
-30
-82
-46
-33
-121
-69
27
64
0
-124
-78
-7
94
-29
17
73
39
-99
110
44
-77
89
-14
23
119
90
-11
80
-18
120
0
1
16
-54
43
26
-70
-89
-44
-9
-35
53
26
116
-78
-55
73
-125
-28
102
-90
5
3
8
-128
80
-39
-64
49
90
114
-101
-92
-107
-50
52
-47
-39
-32
-66
120
63
-127
86
1
32
0
66
13
4
-57
-111
-18
-94
52
86
-124
-109
-98
-55
-111
92
-52
75
119
0
1
16
-86
39
28
-70
-24
-20
-49
116
-110
36
-115
-24
-90
-113
-1
-58
123
18
0
1
16
-32
-48
93
110
-89
-45
41
-110
44
103
111
-3
88
50
-116
-106
4
32
0
2
28
-124
100
-109
90
-55
-113
24
-111
0
8
-128
-60
31
-114
-29
37
31
-46
-23
17
75
35
-110
-17
-78
-1
22
-128
0
72
-4
-32
56
-48
61
-79
-113
-114
-114
-40
-114
-18
127
118
46
-83
14
64
0
36
-6
112
-20
44
-7
-125
123
-30
29
-99
27
-15
51
31
72
-114
-94
21
2
8
-128
68
15
-114
-95
-110
-21
-36
61
-113
-24
-52
72
80
-39
40
-7
-109
100
23
90
37
-128
0
72
52
-16
24
47
-87
-92
-13
34
33
74
-69
123
38
-52
16
90
40
-128
0
72
56
-31
-40
-45
61
71
-100
14
-117
-124
-7
-80
-85
111
-46
90
1
4
64
-62
3
-57
96
-55
79
-39
-28
-112
68
104
-45
70
125
-84
-75
35
-83
23
64
0
36
88
60
-114
96
-93
67
18
-31
13
27
47
-93
21
3
8
-128
-8
15
-57
86
-110
-33
74
62
-89
35
34
17
-49
-85
-110
81
-76
106
0
1
16
127
-16
24
-53
89
-29
36
102
-47
93
-97
-1
-103
-42
13
32
0
98
-9
93
-57
-81
24
117
-112
24
-25
121
-55
78
-76
118
0
1
16
-77
120
-20
-53
17
-78
36
33
-87
-109
-100
9
32
0
2
32
102
-16
-8
-114
100
53
29
11
73
80
54
73
126
-81
-17
-6
0
4
64
0
36
59
56
-74
-106
60
74
103
66
18
-100
89
-110
-67
1
4
64
0
36
51
60
14
-106
84
-48
-127
16
-110
-38
-114
-25
18
0
1
16
0
73
15
-113
43
36
107
-24
56
8
-39
34
119
38
105
43
20
0
1
-112
76
-31
24
34
-71
-97
-114
-126
-112
62
-13
97
82
54
102
4
16
0
-55
4
-113
93
36
31
-47
65
16
50
96
106
36
-57
0
8
-128
0
-56
-105
120
28
37
89
70
-57
64
72
-38
89
31
-9
-123
-121
0
2
32
-23
-32
113
49
-17
59
8
-55
58
55
75
6
1
8
-128
36
14
16
-71
-15
-81
117
-25
-69
-45
17
16
-30
109
-11
-6
48
0
1
-112
68
0
-30
-66
44
-97
66
-61
39
-60
88
102
-60
109
11
20
0
1
-112
-66
22
7
-66
70
-125
39
-60
120
-86
-30
-76
-24
16
64
0
-92
39
30
59
73
114
105
-24
-2
102
-3
-6
-11
78
103
103
-89
-77
106
-43
42
-89
-87
-87
-55
89
-79
98
-123
83
87
87
-25
44
95
-66
-36
89
-74
108
-103
-77
100
-55
18
103
-31
-62
-123
-50
-126
5
11
-100
-7
-13
-25
127
-107
-86
-86
-86
-44
-1
-65
123
-12
-97
-43
-1
93
109
109
-83
83
95
95
-17
52
54
54
58
45
45
45
78
91
91
-101
-77
118
-19
90
62
-17
-32
83
-81
103
-28
0
8
-128
-60
10
16
-71
-87
71
75
-54
105
-32
-26
-77
102
-51
26
-89
-75
-75
53
-43
-95
107
7
-81
-99
127
73
73
-119
51
123
-10
108
103
-26
-52
-103
-50
-116
25
51
124
75
110
110
-82
83
80
80
-32
-52
-99
59
-41
41
47
47
79
33
-92
-32
40
52
-19
-19
-19
41
-52
-72
102
-66
-100
-65
126
10
-128
0
72
44
0
-111
-101
121
63
-55
18
26
-74
-73
-24
40
66
71
16
58
106
-88
-88
-88
112
-26
-52
-103
-29
-28
-27
-27
-7
10
-124
-41
-28
-28
-28
56
-123
-123
-123
78
89
89
89
106
68
-93
35
33
29
-67
0
-117
-107
105
-66
-29
1
4
64
34
13
-120
-36
-60
7
-72
-61
106
26
117
-122
-93
10
-3
-42
-66
104
-47
34
-89
-76
-76
-44
-55
-49
-49
-113
20
20
-39
-116
92
116
-44
-94
-113
-47
-12
-15
-104
62
110
-29
62
-16
28
61
55
-25
82
0
1
-112
-88
-30
113
-92
-92
-111
-122
60
112
-12
-15
-114
126
27
-81
-84
-84
76
125
67
-113
51
22
-23
70
31
-65
-23
72
69
71
92
-6
-120
-114
81
74
86
-39
32
-71
18
64
0
36
-118
120
-76
-46
-128
123
-113
-66
112
110
104
104
72
125
-29
-98
53
107
22
96
-92
57
74
-47
-47
-104
-66
83
81
112
-71
-113
50
58
91
-28
42
0
1
16
-16
-120
112
-12
-79
-52
-46
-91
75
-99
-30
-30
-30
-44
-69
0
-97
59
-32
-115
-110
70
73
-119
100
-70
-28
45
-55
75
-110
-89
37
-109
37
119
72
38
-10
-109
-37
37
15
-72
-1
-4
-101
-110
-113
37
115
36
11
37
45
65
-128
-94
35
53
125
-113
-46
-36
-36
-52
-24
36
-67
-111
-56
-91
0
2
32
81
120
-25
-47
68
-125
-3
50
43
87
-82
116
22
47
94
-20
-57
99
-87
102
-55
76
-55
51
-110
27
37
-1
42
57
87
114
-72
100
-108
-60
-22
118
23
-14
-17
31
46
-39
87
114
-118
-28
59
-110
-21
36
-109
36
111
72
42
37
27
108
-2
-9
-21
100
2
-99
-11
-91
-93
58
48
-119
7
34
0
-110
48
64
120
97
-2
-9
-111
-122
-66
-4
-42
-23
-84
22
58
-53
86
-55
95
37
119
73
-82
-110
28
35
-39
62
-20
-9
-122
-4
-114
67
36
-5
75
46
-106
-4
92
-14
-92
100
-98
59
50
50
-114
-119
78
101
-42
25
107
96
-46
43
34
103
3
8
-128
-124
13
-113
61
-110
60
85
87
103
77
85
87
87
-89
-90
-42
26
-20
12
-41
72
-34
-105
-4
86
114
-111
100
-52
-41
98
86
-14
-33
-76
-75
-28
36
-55
79
37
79
-71
-93
21
-93
47
-30
-11
61
19
-77
-70
-2
97
-118
-17
105
0
2
32
97
-63
99
-57
-92
46
18
-44
111
-71
-6
-24
-60
-48
59
13
29
93
-68
-18
62
-2
57
94
-65
-75
127
45
-127
37
-1
-35
-69
73
-2
89
-14
-96
-92
-62
20
38
69
69
69
-87
41
-62
-84
-104
79
101
-75
-66
-85
4
16
0
9
26
-113
109
36
-7
73
27
109
-24
-44
82
3
-77
-89
54
73
-14
-35
17
-58
88
-37
-17
41
34
12
-54
104
-55
-107
-18
-5
-99
-107
38
30
113
-23
116
105
70
37
-97
-82
-112
-20
3
32
0
18
20
30
-70
-85
-18
-21
73
90
-85
-95
-113
67
116
58
-87
-121
14
-84
77
-14
-126
-28
106
-55
46
-16
-112
-43
-69
-108
-45
-35
23
-12
85
94
49
-47
45
95
116
-63
102
-126
17
89
24
-42
35
114
1
36
-2
-128
60
-104
-108
-57
84
-70
-2
-64
67
71
-75
-42
69
-29
18
-99
-83
4
3
70
65
57
72
114
-125
100
-127
23
72
116
-33
48
125
-68
-107
-48
-105
-18
121
-110
-31
0
2
32
126
-30
-15
-117
-72
55
44
-99
18
-86
-49
-51
-77
-20
-108
62
-105
-68
38
-7
23
125
81
76
87
-17
11
38
-57
74
-18
-109
52
100
11
-119
110
25
-93
-113
39
19
-8
-98
-28
-59
-80
-99
108
8
32
49
5
68
110
-76
75
-30
124
-110
-96
-62
-31
97
54
85
-91
-5
18
124
103
-70
-12
64
31
115
-99
-21
46
-108
-36
-112
-19
-20
45
-123
100
-35
-70
117
73
66
-28
54
0
1
16
-37
120
28
29
-41
51
-52
61
-64
-15
-103
-28
89
125
54
79
-9
29
58
76
118
119
31
113
-43
100
59
34
-47
-83
83
18
4
-55
-107
0
2
32
-74
-16
-40
85
82
29
-73
70
-93
27
-11
-23
78
-80
89
116
48
-11
-110
-1
101
-76
17
-103
81
-55
-91
-110
-9
-78
-123
68
-33
-111
36
100
-115
-56
113
0
2
32
-90
-15
24
42
-7
36
78
-115
-91
-93
-93
35
-75
-122
35
-117
14
69
87
80
127
79
50
-116
-82
57
-110
-104
28
-18
-114
24
51
94
5
-81
35
84
-35
123
43
-26
-120
-44
73
70
1
8
-128
-104
4
100
114
-100
-42
113
-24
38
124
89
44
-2
-5
-101
-28
60
-42
107
-60
6
-110
-67
37
83
36
-21
51
-123
100
-34
-68
121
113
-33
17
88
-65
44
14
1
16
0
49
-127
-57
-65
-60
-91
97
-24
-103
27
89
28
-13
-6
-95
110
-73
65
-105
27
91
72
118
-107
-36
-26
78
-73
-50
-24
116
69
-3
34
18
-29
25
91
119
3
8
-128
120
-59
-29
-32
56
-68
52
-41
99
83
117
-47
88
-122
112
-28
72
-58
-47
-59
38
6
-110
-35
-36
-83
-19
63
-49
-28
62
-47
29
9
98
-68
24
-15
-37
0
2
32
-39
-30
-79
77
-44
-9
-72
-46
-39
51
-70
-99
122
-122
-113
-85
102
75
38
-48
-91
38
-6
-47
-42
83
-103
-66
35
-47
-9
105
122
110
125
-52
0
105
-105
-20
7
32
0
-110
13
32
-113
69
-7
-26
111
105
105
-55
116
75
-11
21
-110
-17
-13
-114
-125
114
33
57
84
-14
-25
76
-9
-39
-86
-87
-87
-119
27
34
-77
36
91
1
8
-128
100
-126
-57
21
81
30
117
-24
-77
-23
12
26
-2
-89
-18
51
-16
109
-23
54
-87
94
32
-71
80
-78
56
-45
61
-74
86
-81
94
29
39
68
-18
2
16
0
73
23
-113
125
-36
-95
107
36
79
0
-44
125
-115
50
104
-20
-81
-24
73
122
116
-109
-44
0
-120
12
-109
-4
58
-109
23
-19
58
89
99
-59
-118
21
113
1
100
-77
100
28
-128
0
-56
64
120
12
-106
-52
-120
-38
13
-82
-101
-32
45
89
-78
36
-109
119
29
-53
37
-25
-45
53
82
25
66
50
-58
-35
34
37
-19
47
41
21
21
21
113
-103
-87
-91
-21
67
118
2
16
0
-23
15
-112
-56
109
-110
-88
-113
10
50
88
73
-66
-55
-35
112
-113
-57
85
-108
23
72
46
115
-33
-103
-91
61
83
75
-33
-55
-59
0
-111
-25
1
4
64
-6
-62
-29
112
-55
103
81
-37
106
61
-125
117
29
101
-110
19
-24
-2
40
67
-120
-20
-24
-50
-42
74
123
-35
-120
110
-48
24
3
68
46
3
16
0
-23
-119
-121
110
85
82
20
-91
71
86
58
61
55
-51
-58
-85
-45
49
111
-106
108
69
-73
71
89
-128
68
119
39
-88
77
23
18
61
91
70
119
67
-120
48
32
-83
-110
-35
0
4
64
-70
3
-14
127
81
-71
-127
117
-82
125
113
113
113
-70
120
44
101
21
57
-27
3
34
-37
75
-98
79
23
17
-99
94
30
-15
35
117
95
6
16
0
-23
-62
-29
-32
-88
60
-70
-46
89
86
25
-100
69
-82
-113
23
-74
-93
123
-93
124
-124
68
55
-39
92
-109
-50
-3
-87
71
35
-41
-41
-41
71
25
-111
75
0
36
-31
-128
-24
41
100
81
-103
117
-91
-115
45
-51
89
86
122
-18
-8
21
116
103
84
64
-120
28
32
41
74
119
52
-94
-113
98
35
10
72
-83
100
59
0
73
54
32
63
-116
-62
-51
-102
-63
-5
-114
98
-42
117
36
-85
30
121
-28
-111
65
-110
29
37
-61
67
-124
-56
86
-110
-69
51
-39
-35
55
-94
-121
86
77
6
-112
-124
2
-30
30
16
-75
50
-20
-85
-54
51
56
-77
-29
73
-55
8
-70
-44
68
34
114
-118
-28
18
-55
89
-110
67
37
35
67
2
-119
78
-9
-19
76
-25
-2
45
42
42
-118
-30
94
90
27
-11
-108
82
0
73
38
32
-113
-121
-3
-36
-114
52
95
-106
-21
-18
-87
63
-95
27
77
52
32
91
117
67
-92
43
-29
37
7
74
-74
14
24
-111
-125
36
-13
-45
125
-71
30
-63
115
70
-14
-12
81
56
-128
36
8
16
-71
-32
39
-72
-37
19
-124
118
113
96
-102
91
-110
-44
73
78
-92
11
-91
4
-118
33
-110
-109
122
32
-46
-107
-109
37
123
-22
-29
-82
-128
16
-39
33
-35
-115
25
117
93
-109
78
22
-119
24
34
63
0
-112
-124
0
-30
-66
56
-97
21
-42
-101
81
-65
-127
-91
57
-45
74
-73
93
-33
-125
-82
-109
-22
-122
-56
96
-55
49
125
32
-94
57
-41
29
-107
12
15
0
-111
-63
-110
59
-45
-35
-43
55
98
71
-25
54
73
-74
7
-112
100
0
-14
-3
-80
-34
-120
58
55
62
-51
-107
-27
-70
9
-30
54
116
-103
84
31
-112
28
-34
15
34
-102
-117
36
99
37
-37
6
0
-55
-113
36
27
-46
89
-71
-34
-48
-48
16
37
68
126
15
32
49
7
68
46
-14
-42
-110
-6
48
-34
-128
-83
-83
-83
-87
111
94
105
-32
113
15
103
118
80
105
32
-78
-1
0
-120
104
46
-106
28
39
-39
-34
103
68
-50
-111
-84
78
7
-111
8
-19
-24
-85
-75
47
-128
-60
27
-112
-21
35
-116
-121
110
-124
120
45
93
35
-107
1
34
123
-71
-93
-115
75
-46
-56
9
-110
29
124
68
100
-84
-92
49
-99
71
90
17
90
112
-8
60
-128
-60
20
16
-71
-72
-93
36
-99
17
-59
67
-121
-4
87
-47
37
82
89
32
50
74
114
97
-102
-120
-24
-120
-28
104
-55
8
-97
16
-39
79
-78
36
70
-120
-24
-60
-100
-79
0
18
79
64
38
71
20
-113
-11
-110
11
-24
10
41
15
-120
-20
44
-103
-112
38
34
-105
-72
-32
28
44
25
-22
3
34
-93
37
-27
49
122
39
-14
62
-128
-60
12
16
-71
-88
123
-121
109
-65
-85
52
95
-104
-21
-66
66
-29
-23
2
41
3
-120
-20
-32
-50
-62
-70
36
-125
-100
-89
-113
-63
124
64
100
87
73
97
58
-120
68
100
118
-42
56
0
-119
23
32
-113
-123
109
-86
110
126
126
-2
64
120
-24
75
-58
111
-46
-11
81
6
17
-39
86
114
78
-122
-120
104
78
-75
-3
-94
93
-18
-11
-111
-23
32
-94
-101
48
-22
-56
61
-28
-128
76
7
-112
-104
0
34
23
-13
0
119
-53
-127
-48
108
-57
-82
43
110
-63
-125
10
8
-111
17
-18
42
-11
76
17
-71
-56
125
-84
53
56
104
68
116
-28
-34
-42
-42
22
-21
81
8
-128
-124
7
-112
71
-61
114
83
-23
-39
-48
115
-26
-52
25
8
-113
78
-16
-96
124
64
100
92
22
-120
92
-30
-2
-17
70
6
-115
-120
46
-74
-43
29
27
-30
58
10
1
-112
16
0
-30
-66
-5
-40
16
-106
83
4
-11
52
-74
52
94
-104
-13
-50
-125
-14
3
-111
97
30
16
-47
-39
90
7
-39
-38
26
69
-38
-64
110
-23
-68
88
-41
47
99
-6
-91
44
-60
-120
-100
1
32
-47
6
-28
-113
97
-71
-103
42
43
43
-45
-103
-86
123
49
93
27
21
17
68
52
-89
-39
-38
-84
81
-38
-62
-18
-23
76
-15
45
43
43
75
125
57
-117
-37
-116
44
0
9
24
16
61
-73
-40
93
29
26
-8
-115
-76
124
-7
-14
116
86
-104
127
-105
46
-115
-118
32
34
58
61
120
15
75
-120
-20
-97
-50
98
-61
-123
11
23
-122
121
20
114
12
-128
68
19
-112
91
-61
112
3
53
53
53
-91
-125
-57
-49
-23
-54
-88
8
35
114
-119
-69
-1
-42
32
11
-120
28
-99
-50
-74
39
117
117
117
97
5
-28
69
0
-119
24
32
114
-47
-74
13
-61
97
81
58
93
55
-115
-123
-126
-9
-45
-123
81
33
65
-28
44
-113
-120
-100
98
99
-89
95
105
35
-25
73
-66
24
104
-115
72
72
-89
-9
-22
12
-48
-81
3
72
-76
0
-7
127
97
-104
113
-107
-58
-103
30
111
-22
54
-41
116
95
84
72
16
-55
118
-118
111
-9
-100
99
99
79
45
119
23
-33
1
103
102
-23
65
108
33
68
-28
110
0
-119
8
32
-18
121
31
11
-126
-66
105
-46
56
-118
-74
-104
45
-39
-87
16
34
-78
77
22
43
-42
123
-26
2
-55
-18
22
16
-103
52
16
34
37
37
37
97
124
-87
-34
-82
79
69
0
36
26
-128
-100
23
-12
13
83
93
93
61
16
30
77
-110
49
116
87
84
72
17
-39
62
-61
-67
-77
-6
-102
-22
-69
-81
97
64
-122
-92
115
-78
-31
-110
37
75
-62
56
10
-7
49
-128
68
3
-112
-73
-125
-68
81
-12
56
78
125
30
59
-64
116
-35
-109
-23
-90
-88
-112
35
-78
83
6
-69
-8
-10
-105
-125
13
35
-94
-57
-29
86
13
-124
72
75
75
75
-40
0
41
5
-112
-112
3
-94
47
-85
36
-101
-126
124
-17
81
88
88
56
-48
-24
-29
39
116
79
84
68
16
25
-27
-114
36
-68
34
114
-108
97
68
14
117
55
26
-115
-38
-5
-112
-109
1
36
-36
-128
76
12
-7
98
-63
-89
-24
-106
-88
-120
33
-78
-73
1
64
52
-57
-102
-100
-26
43
109
-23
-97
6
26
-123
-52
-101
55
47
108
-128
60
5
32
33
5
68
46
-50
16
73
93
80
55
-121
-98
85
48
-64
13
93
38
-39
-102
46
-119
-118
32
34
-121
-124
20
-111
-55
17
91
31
-78
78
-78
61
-128
-124
19
-112
9
65
-35
24
58
84
30
96
123
-10
117
-110
-125
-23
-118
-88
8
35
114
108
-40
16
-111
54
53
76
50
-69
63
64
116
29
86
-56
54
93
-68
6
64
-62
9
-56
-117
65
-35
20
21
21
21
-68
-9
-96
-30
14
-56
96
-9
92
16
19
-120
28
109
112
20
114
-128
100
109
-124
30
101
-27
3
72
-56
0
-111
-117
50
50
-88
125
-81
-46
120
116
-11
22
-35
15
21
19
68
-122
103
121
32
85
-81
91
-97
24
68
-28
-33
7
122
-108
-75
98
-59
-118
48
33
-78
63
-128
-124
11
-112
107
66
-6
-24
-86
65
-113
-21
-92
-21
-95
98
-124
-56
72
67
-45
123
53
-5
27
68
-28
-99
-127
14
-95
10
-47
-84
-84
-33
2
72
-72
0
-7
40
-92
-77
-82
-50
-91
-53
-95
98
-120
-56
24
67
-128
104
-58
24
2
68
-73
127
111
-19
-81
61
-22
-93
-26
-112
0
82
5
32
33
1
68
46
-58
-88
32
-42
126
-24
-58
109
3
-32
-15
39
-70
26
42
-58
-120
28
102
8
16
61
42
119
103
67
-120
124
107
-96
71
89
-51
-51
-51
97
65
100
44
-128
-124
3
-112
-1
10
-30
6
40
42
42
-22
-17
70
-83
-41
21
-77
116
51
84
-116
1
25
-28
-18
-66
107
2
-111
-13
76
29
76
37
-19
-18
-123
-127
78
49
12
-55
94
89
-73
2
72
56
0
-103
-18
-9
-59
-81
-87
-87
25
104
-12
113
41
93
12
-107
0
68
70
-72
-99
-65
9
68
-50
-108
12
49
-12
40
-85
-67
-65
-10
-87
-19
55
-20
-113
-79
0
-60
7
64
-28
34
-20
-22
-9
-29
43
125
17
-89
47
-28
-6
-71
65
95
-90
107
-95
18
-124
-56
46
-122
-74
59
-47
28
99
-30
119
-46
105
-13
17
121
-95
126
4
-128
4
11
-56
15
-3
-66
-24
11
22
44
-24
15
-113
85
-6
13
-120
110
-123
74
24
34
7
25
124
-87
-66
-113
1
64
6
73
102
-10
-121
72
85
85
85
24
0
-71
30
64
-126
5
-28
45
-65
79
24
28
96
-89
-35
127
-89
59
-95
18
-6
62
-28
84
-125
47
-43
71
26
64
-28
-16
-2
78
49
-44
118
-84
-19
57
-84
-117
10
1
-60
50
32
-14
-31
15
119
-9
-106
9
-53
-118
-13
121
122
94
1
-35
9
-107
80
68
-74
54
112
-122
72
87
-50
50
-12
62
-28
-98
-2
70
33
122
-24
91
-64
-128
108
-42
-57
-16
0
18
12
32
-25
-6
121
-79
87
-83
90
53
-48
-117
-13
113
116
35
84
-62
17
49
-71
62
-28
72
3
-128
-20
-24
62
86
-18
-77
-35
-74
-75
-75
5
-115
-56
-9
1
36
24
64
38
-5
121
-95
75
75
75
-5
-61
-29
117
-70
15
-118
50
-70
-23
-30
37
38
-114
-59
-107
-74
-7
-33
33
-33
39
-21
89
0
9
6
16
-33
-50
61
-41
-45
-51
-6
-71
9
63
-109
124
-125
-82
-125
-94
82
-128
12
51
56
-75
87
-49
102
31
-22
17
-112
-83
36
-117
-6
67
68
-97
46
4
8
72
-109
100
16
-128
-8
8
-120
124
-32
123
-8
121
-111
75
74
74
-6
3
100
18
-35
6
69
109
-127
-56
30
6
71
33
-98
79
51
-108
54
122
89
127
-128
-108
-107
-107
5
61
10
57
10
64
-4
5
-28
106
63
-49
56
-17
-25
-26
91
-53
102
-119
20
-43
43
34
-57
27
68
100
23
3
-120
-28
-124
120
20
114
29
-128
-8
11
-56
-109
126
93
92
-99
-87
-47
-49
-115
-9
59
-70
10
-118
-22
-13
81
-42
-7
6
103
101
13
-10
8
-56
-72
-2
0
-103
63
127
126
-112
-128
-68
1
32
-2
2
-78
-60
-81
117
31
-3
-36
116
29
58
-53
-125
-82
-126
-94
-6
68
100
111
-125
-93
16
-49
91
-65
75
123
-99
-34
-33
-70
-112
0
79
46
108
-19
-7
30
4
64
44
1
34
31
-12
-24
-112
108
-41
62
-111
46
-126
-94
6
68
-28
52
67
-128
92
-96
123
111
121
4
-28
-4
-2
70
33
-117
23
47
14
114
20
114
56
-128
-8
3
-56
-27
126
92
-48
-50
-50
-50
-2
86
-99
-81
-108
108
71
-9
64
81
3
2
50
-46
-32
94
89
99
13
-116
66
10
-6
-37
35
107
-35
-70
117
65
1
-14
99
0
-15
7
-112
-5
-3
-72
-96
75
-105
46
-19
111
-12
113
11
93
3
69
-91
-115
-56
17
6
31
101
109
-17
17
-112
9
-3
-115
66
-86
-85
-85
-125
2
-28
113
0
-15
7
-112
-103
126
92
-48
-126
-126
-126
-2
-42
125
-116
-94
91
-96
-88
-76
1
-39
-54
-32
11
-11
19
13
-116
66
74
-6
59
47
36
32
64
42
0
-60
50
32
-14
33
15
-15
99
-1
-85
-58
-58
-58
-2
70
31
-113
-47
37
80
84
-58
-120
-20
23
-106
105
-67
-46
-122
127
-40
-33
40
68
-89
-18
7
-76
47
-42
-10
0
98
23
-112
-93
-4
-72
-104
-70
-67
65
63
55
-40
-95
116
7
20
-107
49
32
-125
37
103
27
2
-28
20
-113
-128
12
-105
-76
-12
-43
-58
-11
-56
-122
-128
70
33
-89
2
-120
93
64
-84
-97
-1
-95
83
-7
-6
-63
-29
93
-70
2
-118
-54
26
-111
61
13
-114
66
118
-10
-120
-56
-83
125
-75
-13
-68
-68
-68
-96
94
-90
-1
12
64
-20
2
114
127
-64
47
-49
-49
-91
27
-96
40
79
-120
-100
110
8
-112
-109
60
2
-78
-121
100
67
95
109
-67
-82
-82
46
8
64
-98
0
16
-69
-128
124
100
-5
34
-50
-98
61
-69
47
60
-106
-22
73
103
116
1
20
-27
9
-112
93
13
-114
66
118
-12
-120
-56
11
125
1
-94
-5
-33
5
0
-56
28
0
-79
11
72
107
-128
103
126
-36
64
-13
-89
40
35
-120
-104
90
92
120
-84
71
64
-58
-9
-9
50
93
-41
-126
-7
12
-56
-38
-82
21
-23
0
98
24
16
-7
96
71
-39
-66
-128
-117
22
45
-22
-21
102
-38
40
-39
-109
-90
79
81
70
0
25
101
8
-112
-117
-67
-84
78
-105
54
61
88
82
-35
23
32
53
53
53
65
-116
66
-10
5
16
59
-128
-100
30
-32
-38
-113
63
-45
-20
41
42
-108
-17
66
60
-51
-118
-44
69
-63
33
123
-116
53
1
64
-20
0
-14
35
-101
23
-82
-75
-75
-75
-65
-57
87
-33
-94
-55
83
-108
81
64
70
27
2
-28
124
47
59
-11
74
-37
-34
-65
-65
13
22
-41
-84
89
-29
55
32
-41
2
-120
29
64
-18
9
-24
-15
-107
-50
23
31
74
-109
-89
40
-29
-120
-116
51
-124
-56
24
-113
-93
-112
62
-49
10
-87
-83
-83
-11
27
-112
41
0
98
7
-112
-41
3
-102
125
-11
48
77
-99
-94
-84
0
-78
-113
33
64
78
-10
8
-56
53
33
58
-83
-16
93
0
-79
3
72
113
64
-117
7
-49
-90
-87
83
-108
21
64
-122
72
38
24
66
100
91
15
-128
-20
42
-39
-44
91
-5
-49
-51
-51
117
-42
-81
95
-17
39
32
11
1
-60
14
32
109
-74
46
-102
-50
-74
-24
-25
-15
-43
16
-102
58
69
89
67
-28
112
67
-128
28
-20
113
20
-46
-25
97
83
45
45
45
126
2
-14
25
-128
24
-114
124
-88
59
4
-76
-9
21
-113
-81
40
-54
46
32
-37
24
2
100
-68
71
64
-82
13
-47
65
83
-69
1
-120
89
64
14
-75
117
-79
116
120
-86
-61
84
30
95
81
84
96
-120
-100
24
-12
-54
116
105
-21
123
-9
5
-56
-36
-71
115
-3
6
-28
104
0
49
11
-56
57
-74
46
-106
14
79
-5
-72
113
86
75
-74
-94
121
83
-108
117
64
-10
48
4
-56
-31
30
71
33
115
-5
66
-60
-25
-23
-68
23
2
-120
89
64
-82
14
96
-13
-60
-41
105
-38
20
-27
11
32
-125
13
-67
76
63
-57
35
32
55
-11
5
72
67
67
-125
-81
-57
-37
2
-120
89
64
126
101
-21
98
-107
-106
-106
-10
5
-56
127
-48
-76
41
-54
55
68
-114
52
52
10
25
-23
1
-112
-109
-5
2
68
-41
-119
-7
8
-56
111
0
-60
44
32
-109
108
93
44
-35
-5
-65
-113
-101
102
63
-102
53
69
-7
6
-56
78
-122
0
57
-56
3
32
67
37
-99
33
-40
-42
-28
62
0
49
11
-56
-29
54
46
84
91
91
91
95
120
44
-90
73
83
-108
-17
-120
-116
55
0
-56
-23
30
31
99
-67
-45
-41
33
83
62
2
-14
60
-128
-104
5
-28
13
-97
-41
127
76
-95
57
83
-108
-17
-128
28
98
104
20
-30
101
-121
-34
-1
-23
-21
49
-106
126
-31
-12
9
-112
63
3
-120
89
64
102
-40
-72
80
-107
-107
-107
125
1
-14
79
52
103
-118
-118
-20
99
-84
-67
60
0
114
116
8
-10
-59
-54
1
16
-77
-128
-108
-38
-72
80
69
69
69
125
1
-78
7
-51
-103
-94
124
7
100
-112
-28
60
3
-128
-116
-11
0
-56
32
-55
-54
-34
-6
-123
5
11
22
-8
5
72
25
-128
-104
5
100
-79
-115
11
-43
-57
2
-62
106
-102
50
69
5
-122
-56
-47
33
-104
-50
-5
-105
-34
0
41
46
46
-10
11
-112
106
0
49
11
72
-125
-23
-117
-44
-47
-47
-47
-41
-24
-29
69
-102
49
69
5
6
-56
-18
33
-40
92
-79
-41
67
-90
-14
-13
-13
-3
2
-92
25
64
-52
2
-46
97
-6
34
-23
-62
-96
62
0
-71
-114
102
76
81
-127
1
-94
59
-12
94
104
0
-112
-67
61
0
114
73
95
-17
65
-42
-82
93
-21
7
32
29
0
98
22
-112
-11
62
-82
64
-1
38
-51
-104
-94
2
69
-28
100
3
-128
28
-19
1
-112
-47
125
1
-94
39
-105
-6
0
-56
6
0
49
11
-120
-15
-117
84
81
81
-47
-37
13
-14
-123
100
24
77
-104
-94
2
5
-28
64
3
-128
-100
-23
-15
61
-56
-118
-34
0
-87
-85
-85
-13
-27
49
22
-128
-124
28
16
-35
97
-77
-105
27
100
62
-51
-105
-94
2
7
-60
-60
116
-34
-117
-11
113
-104
7
64
-34
12
114
75
19
0
9
57
32
-6
66
-84
-105
27
100
26
-51
-105
-94
2
7
68
55
87
-68
-56
0
34
59
123
0
-28
-10
-34
0
41
47
47
7
-112
-92
3
-94
103
-128
-12
-15
-116
115
34
-51
-105
-94
66
-127
-56
-87
6
0
-39
-33
3
32
-1
22
-28
84
94
0
9
49
32
-3
76
-31
-67
-126
-90
75
81
-95
0
-28
48
3
-128
28
-25
1
-112
-109
122
-21
35
10
11
11
1
36
-23
-128
52
55
55
-9
5
-56
-31
52
93
-118
10
5
32
99
-126
60
-26
86
-6
-126
-99
122
-21
35
114
115
115
55
3
72
-62
1
-47
-103
20
-67
-36
28
-101
56
-127
-112
-94
66
3
-56
118
-122
94
-92
15
-10
-128
72
107
80
107
65
0
-60
44
32
-97
-102
-68
56
-53
-106
45
-21
13
-112
122
-102
45
69
-123
6
-112
65
-122
22
20
-18
-32
1
-112
-36
-34
0
105
111
111
-73
13
-56
70
0
9
-15
74
-12
-59
-117
23
-9
6
-56
44
-102
45
69
-123
10
-111
51
12
0
-78
-89
7
64
-98
-21
13
-112
-106
-106
22
86
-94
71
12
-112
90
-109
23
72
119
-43
-20
-27
-58
120
-103
38
75
81
-95
2
-28
-104
-128
79
40
-100
-44
27
32
-115
-115
-115
-74
1
105
1
16
-77
-128
44
-13
97
21
-6
-35
52
89
-118
10
21
32
7
25
0
-28
88
15
-128
-4
-68
55
64
86
-84
88
-63
110
-68
73
62
15
-92
-76
-76
-76
55
64
-82
-91
-55
82
84
-88
0
25
19
-28
-106
38
-46
39
92
25
-48
118
38
-13
0
-60
44
32
57
62
108
99
114
57
77
-106
-94
66
5
-56
-50
6
0
-103
-32
1
-112
51
123
3
100
-7
-14
-27
-74
1
41
0
16
-77
-128
-68
110
-14
2
-51
-103
51
-89
55
64
-50
-92
-55
82
84
-88
0
25
97
-24
108
-112
33
89
2
114
112
111
-128
-24
78
-34
-106
1
121
15
64
-52
2
-14
-72
15
-128
28
77
-109
-91
-88
-48
33
114
81
80
-121
75
-11
-75
-104
112
-55
-110
37
-74
1
121
1
64
-52
2
50
-55
7
64
-10
-95
-71
82
84
-24
0
57
-53
0
32
-69
100
9
-56
-96
-128
0
121
8
64
-52
2
-14
107
-109
23
-88
-96
-96
-96
55
64
118
-92
-71
82
84
-24
0
-7
-90
1
64
-58
120
120
15
-14
105
0
-128
-36
10
32
102
1
-7
-66
109
64
104
-86
20
21
74
64
-58
26
0
-28
27
30
0
105
11
0
-112
-1
4
16
-77
-128
-100
99
25
-112
14
-102
42
69
-123
18
-112
67
13
0
114
-88
7
64
-86
3
0
-28
114
0
49
11
-56
33
-106
1
-87
-95
-87
82
84
40
1
-39
-49
0
32
71
121
0
-92
34
0
64
78
1
16
-77
-128
108
103
-14
2
-23
-98
-2
61
110
-118
106
-102
42
69
-123
18
-112
61
3
94
-115
62
59
0
64
-10
7
16
-109
-65
-84
-108
124
-88
-99
22
103
97
1
8
69
-123
19
16
19
-117
9
79
-12
0
-56
-12
0
22
18
-114
0
16
-13
-128
-108
-103
-70
64
122
44
37
-128
80
84
36
0
49
113
46
-56
41
38
1
-87
-87
-87
-79
-119
71
-109
-2
92
0
49
15
-56
107
-90
46
82
73
73
9
-128
80
84
52
0
25
110
0
-112
51
76
2
82
95
95
111
19
-112
66
0
-79
3
-56
-99
-90
46
-46
-68
121
-13
0
-124
-94
-94
1
-56
16
3
-128
-116
51
9
72
67
67
-125
77
64
94
1
16
59
-128
-4
-56
-44
69
-86
-84
-84
4
16
-118
-118
14
34
23
-123
9
-112
-26
-26
102
-101
-128
76
2
16
59
-128
-100
101
-22
34
45
90
-76
8
64
40
42
58
-128
-100
-17
17
-112
-15
30
0
41
-23
9
-56
-86
85
-85
108
2
-14
99
0
-79
3
-56
-18
-90
46
-110
-50
-94
-24
113
83
-84
-94
-103
82
84
104
1
25
-17
17
-112
115
60
0
-78
-96
39
32
-99
-99
-99
54
1
57
19
64
44
0
-30
34
-46
106
-30
34
-23
75
-80
30
55
69
39
-51
-108
-94
66
11
-56
-103
1
2
-14
15
43
-47
-41
-81
95
111
19
-112
61
0
-60
30
32
31
-101
-72
72
77
77
77
-20
-123
69
81
-47
1
-28
-116
0
1
105
-17
-34
79
-52
-100
57
115
-125
69
60
-66
-6
34
11
32
118
0
-103
108
-30
66
-75
-73
-73
-9
-74
27
-17
118
52
85
-118
10
37
32
-89
120
4
-28
108
15
-128
108
-79
27
-17
-20
-39
-77
63
-73
8
-56
108
0
-79
11
-56
53
38
46
-44
-70
117
-21
56
15
-124
-94
-110
3
-56
-72
44
-15
24
-42
-77
-97
40
45
45
-35
100
17
-112
39
0
-60
46
32
-57
-103
-70
88
-7
-7
-7
61
1
57
-114
-90
74
81
-95
4
-60
-21
-103
32
-89
102
9
-56
30
61
1
89
-80
96
-127
-51
-9
31
-41
2
-120
93
64
-74
-110
124
102
-30
98
-51
-99
59
-73
39
32
-25
-47
84
41
42
-108
-128
-100
-32
17
-112
-109
-78
4
-28
-88
-98
-128
44
91
-74
-52
38
32
103
1
-120
69
64
92
68
10
76
92
-84
-118
-118
-118
-98
-128
92
69
83
-91
-88
88
2
114
124
-106
-128
-100
-29
-13
42
-12
93
0
-60
62
32
15
-104
-72
88
75
-105
46
-19
9
-56
-81
104
-86
20
21
75
64
-114
-55
18
-112
43
125
92
68
88
-37
-3
103
3
-120
61
64
-82
54
113
-63
-12
-101
68
-113
-101
99
10
77
-107
-94
66
9
-56
73
30
1
57
34
75
64
-82
-19
9
-120
78
-64
-79
4
-56
52
0
-15
7
-112
3
44
77
-27
125
-125
-90
74
81
-95
4
-60
-21
44
-84
3
-78
4
-28
-98
-18
125
68
126
126
-66
-51
41
-68
-65
6
16
31
0
113
17
-87
-9
122
-63
116
53
105
78
78
78
119
64
-26
-48
84
41
42
-106
-128
124
61
75
64
-90
117
7
-92
-92
-92
-60
-26
34
-62
-15
0
-30
31
32
47
-102
-72
104
69
69
69
-35
1
105
-89
-87
82
84
40
1
57
-43
35
32
-69
101
9
-56
22
-57
-39
-22
38
-84
-106
-16
-48
-75
37
59
0
-120
127
-128
-4
-121
-119
11
-89
115
-70
123
60
-58
-38
-123
-26
74
81
-95
3
-60
-21
94
88
59
100
9
72
-109
79
7
73
-107
-11
-4
-39
0
98
23
-112
67
76
92
-72
-38
-38
-38
-98
-128
-100
66
115
-91
-88
-48
1
114
-74
71
64
-122
101
-127
-57
-42
61
95
-96
-73
-75
-75
-39
2
-28
33
0
-15
23
-112
65
-110
6
-81
23
78
-89
-28
-11
-72
73
-2
-115
-26
74
81
-95
3
-28
60
15
120
92
-112
-27
-24
99
108
-9
-66
33
39
39
103
-109
-59
93
120
-81
4
16
31
1
113
17
121
-38
-60
-117
-12
-36
-36
-36
-18
-128
-36
69
115
-91
-88
-48
1
114
-127
7
64
78
-49
18
-112
45
-42
-128
-52
-103
51
103
-67
-59
23
-24
123
1
-120
-1
-128
92
101
-30
-30
-107
-108
-108
116
7
-28
61
-102
43
69
-123
10
-113
-63
1
45
34
-4
93
119
64
22
46
92
104
11
-113
37
-67
-3
124
0
-79
15
-56
-82
-110
-51
-122
87
-92
55
-47
100
41
42
84
-128
-116
-16
8
-56
-127
89
2
-78
-59
20
-34
21
43
86
-40
2
-28
97
0
9
0
16
23
-111
57
94
47
96
75
75
75
-49
-9
32
-93
104
-74
20
21
26
64
-74
-9
8
-56
30
89
2
82
-34
-67
95
88
-67
122
-75
45
64
-2
25
64
-126
3
100
-94
-119
-77
65
122
44
40
100
87
94
-118
10
15
32
-69
121
4
100
-37
44
-16
24
33
-39
-40
109
5
-70
-83
-9
31
-101
-69
111
-96
8
32
-2
3
50
-42
-62
123
-112
-101
104
-74
20
21
26
64
-10
-12
-128
-57
-124
44
71
31
39
116
31
125
84
84
84
124
97
9
-112
-30
-66
126
7
0
-15
1
16
23
-111
106
-81
23
114
-7
-14
-27
-35
-89
-21
-67
79
-77
-91
-88
-48
0
-14
-115
0
-50
1
-7
-113
-18
-128
-24
122
49
75
-128
-36
2
32
-63
3
-30
-7
-100
116
93
32
-44
13
-112
78
-102
45
69
-123
6
-112
-61
61
0
114
72
-106
-128
60
-26
-45
-5
-113
-109
0
36
120
64
-58
-103
-72
-104
5
5
5
-35
31
99
29
68
-45
-91
-88
80
0
114
-68
7
64
118
-49
18
-112
-30
-82
-66
64
-6
-123
-75
-106
-16
88
41
25
12
32
-63
3
50
68
-46
100
120
95
-84
-97
-48
116
41
42
20
-128
-100
-18
-13
22
38
-37
117
127
-127
94
85
85
-75
-47
18
32
83
-5
-5
61
0
-60
39
64
92
68
-90
120
-67
-96
77
77
77
95
1
-110
-105
-105
-9
54
77
-105
-94
66
1
72
-74
-37
-104
-100
-103
-27
-24
-29
-36
-18
-113
-81
26
27
27
109
61
-66
-70
28
64
-62
3
-56
-55
38
-74
53
-103
57
115
102
-22
-90
-55
-51
-51
93
77
-45
-91
-88
-64
-15
24
-22
97
-12
113
88
-106
-128
-36
-46
-19
125
-24
70
75
39
16
106
109
11
32
-31
1
100
-112
-119
-39
88
-107
-107
-107
-35
31
99
29
74
19
-90
-88
64
1
25
25
-64
25
32
31
119
-11
1
-91
-91
-91
-74
-34
127
-68
62
-48
-17
1
32
62
2
-30
34
114
-89
-41
11
-85
-61
-43
-82
-101
71
70
35
-65
-90
9
83
84
-96
-128
-116
-55
18
-113
-117
36
67
-78
-64
99
-104
100
125
87
31
80
87
87
103
-21
-15
-43
-9
0
36
124
-128
28
102
-30
49
86
94
94
94
-22
-26
-103
53
107
86
57
77
-104
-94
2
5
-28
96
-97
-41
127
-100
-47
-19
9
-60
-90
53
107
-42
-40
-64
67
-49
85
31
9
32
33
3
-60
69
-92
-64
-44
108
44
-35
-1
95
-2
-36
-106
102
76
81
-127
1
114
92
-106
-128
-20
-109
37
32
-73
119
1
50
119
-18
-36
78
75
-93
-113
55
-46
-7
93
0
36
24
64
126
-30
-11
2
-73
-74
-74
126
-11
24
75
70
33
87
-47
-116
41
42
48
64
-50
-54
18
-112
-31
89
2
82
-44
-43
-10
-85
-85
-85
109
61
-66
-6
14
-128
-124
23
-112
29
36
-98
55
62
43
44
44
76
-35
68
69
69
69
-71
52
99
-118
10
4
-113
33
-110
-117
-77
-64
-29
-44
44
-15
-40
85
-78
-39
-14
-29
-85
53
-110
-83
1
36
-92
-128
-72
-120
60
107
-22
-116
-112
-68
-68
-68
47
-28
-49
-83
104
-50
20
-27
59
32
59
101
57
-6
-40
63
75
64
-66
-37
53
-6
40
41
41
-23
12
98
-15
32
-128
-124
3
16
-49
107
66
116
-17
-101
110
55
-45
119
105
-50
20
-27
59
32
-5
100
-127
-121
-114
88
70
100
9
-56
-117
62
28
30
53
30
64
66
14
-120
-117
72
-119
-41
-117
61
111
-34
-68
46
64
-118
104
-50
20
-27
59
32
99
-77
0
-28
-101
89
-30
49
92
-78
-38
93
68
-4
-71
-91
-59
-125
-43
-3
-19
125
5
32
-31
2
-28
26
83
91
-101
-52
-100
57
115
-45
-4
-7
-13
71
-48
-92
41
-54
87
64
-58
103
1
-56
-98
89
2
50
-95
-37
-39
31
-74
14
-113
-102
-104
-55
-17
4
32
-63
2
-78
-115
-92
-35
-44
14
-67
11
22
44
-104
72
-109
-90
40
-33
-16
24
-106
-51
-31
81
-110
-63
89
2
-14
72
23
32
58
11
-45
-46
-55
-125
-5
1
72
68
0
113
17
-71
-49
-21
-123
95
-74
108
89
-41
-106
6
13
52
107
-118
-14
13
-112
81
89
0
114
68
-106
120
12
-106
52
-69
91
-73
-81
-74
52
-6
-8
107
-90
-65
23
-128
4
15
-56
62
18
79
91
49
-81
93
-69
54
-75
50
61
55
55
87
31
105
29
67
-45
-90
40
95
0
57
-44
-113
-77
-49
93
64
-58
119
91
-5
-79
-55
18
32
-33
6
-112
-120
1
-30
34
-14
-126
-41
-117
-65
112
-31
-62
-44
-51
-75
120
-15
-30
15
105
-38
20
-27
11
32
103
-8
-15
-14
-36
5
-28
73
119
-25
-119
-49
-11
11
-93
5
60
-22
37
67
1
36
-102
-128
28
111
98
74
-81
-36
92
-70
-88
112
99
58
123
-40
80
20
-27
9
-113
-83
-78
88
64
56
42
75
60
70
116
-51
-66
-102
63
127
-2
-38
48
-68
60
7
-112
16
1
-30
34
-14
-119
-41
-101
-96
-94
-94
-94
107
126
-8
100
-102
56
69
89
5
100
116
-122
120
-100
-27
97
-12
113
69
-41
-29
-85
-74
-74
54
27
120
108
-112
100
53
51
12
64
-62
3
-56
4
-81
55
-126
-34
92
122
-109
85
86
86
-82
-109
-1
123
24
-51
-100
-94
-84
1
114
84
-122
-128
-116
-15
0
-56
-101
-38
-82
-117
-117
-117
-37
45
-115
62
-98
-53
-10
119
3
-112
-112
0
-30
34
50
-37
-21
-51
80
94
94
-98
122
-95
-66
122
-11
-22
-97
-47
-52
41
-54
26
32
-25
100
-128
-121
-82
21
25
-108
37
30
-93
37
-70
85
-111
-45
-36
-36
108
107
-27
-7
-15
0
18
15
64
46
-13
122
51
-84
90
-75
42
53
10
89
-74
108
89
107
54
47
-59
40
-118
26
16
-113
29
50
28
125
-20
-19
97
-12
113
-67
59
117
-73
-51
18
30
-98
54
98
5
-112
112
1
50
-56
-44
-10
38
-70
83
-17
-6
-11
-21
127
72
115
-89
40
-29
-128
28
-104
1
30
103
123
88
56
56
72
-78
84
1
-87
-81
-81
-33
108
9
-112
127
2
-112
-104
0
-30
34
114
-71
-87
81
-56
-118
21
43
26
24
-123
80
-108
113
64
-50
-16
-23
-35
-57
-39
-38
-114
-13
-13
-13
59
-11
20
82
11
120
44
-56
100
-33
43
0
-119
6
32
70
70
33
58
35
-85
-92
-92
68
-1
126
13
77
-98
-94
-116
-31
-79
77
6
120
-100
-103
-19
-69
15
23
-112
105
10
72
109
109
-19
70
75
-93
15
-49
79
40
0
36
100
-128
-72
-120
92
-24
-11
-26
-24
-24
-24
72
-83
11
105
109
109
109
73
-9
112
24
-118
-94
6
4
100
-1
12
0
-39
-51
3
30
95
-105
108
-108
-47
-57
106
75
-93
-113
90
19
51
53
1
36
-124
-128
-72
-120
-28
-102
88
-99
-82
-17
67
-28
-17
-65
-90
-23
83
-108
17
64
78
-73
-67
-22
-36
5
-28
110
-53
-93
-113
-21
76
124
30
0
18
94
64
78
-9
122
-109
-24
113
-105
51
103
-50
-44
-11
33
122
114
-39
46
52
127
-118
-14
-124
-57
-10
105
-30
113
81
-74
123
94
-71
120
108
39
105
-73
56
-6
104
52
-11
84
2
64
66
10
-120
-117
-56
-69
94
111
-106
-27
-53
-105
-21
-10
7
-6
-9
-121
-24
2
40
-54
19
32
-23
110
-98
120
-120
-57
-47
-57
-49
116
-12
81
87
87
23
-22
-47
7
-128
-124
31
-112
67
-67
-18
-44
-85
-33
96
-26
-52
-103
-29
-76
-73
-73
-21
-65
-25
72
-70
1
-118
-54
10
-113
65
-110
115
-45
-64
67
23
24
14
-15
-128
-57
16
-55
18
-117
-21
62
26
77
-66
19
5
-112
16
3
-30
34
-14
-112
-41
-101
70
87
-80
-22
10
117
-7
-5
71
116
5
20
-107
21
32
-93
108
-65
56
119
1
-71
-46
-14
-86
-13
-21
76
126
46
0
18
126
64
118
-107
116
-104
-40
-30
-60
-35
-120
-19
10
-70
3
-118
-54
24
-112
19
-46
-64
99
-84
71
60
116
-31
-32
-4
-30
-30
-30
-107
-106
-16
-88
-111
12
7
-112
4
1
-30
34
-14
75
19
-37
-67
-69
-17
66
116
113
-31
14
116
9
20
-107
54
30
91
-89
-79
117
-5
121
-70
-59
-69
71
64
46
-109
108
-78
-76
-29
-82
-26
-5
-90
63
27
0
-119
6
32
-61
36
85
38
94
-88
-73
-76
-76
-24
-33
31
-96
91
-96
-88
-76
1
57
-60
-42
89
31
61
0
41
-82
-84
-84
-20
-80
-124
71
-71
-41
85
-25
0
18
81
64
92
68
-50
-11
122
19
-23
11
-11
-86
-86
42
-3
-5
38
47
59
112
82
84
-126
-16
24
34
-103
48
0
30
-98
39
-89
8
30
-105
-26
-26
-26
-82
-43
-87
-9
-106
0
-71
-40
-58
-25
3
32
17
1
-60
69
-28
21
19
-5
100
53
52
52
-24
-33
43
76
63
15
-91
-88
24
2
-78
-49
64
7
69
121
-103
117
-27
-30
49
56
39
39
103
65
109
109
-19
103
-106
-16
-8
-40
-42
-25
3
32
-47
2
100
-116
100
-115
-41
27
74
110
84
103
-35
-70
117
-6
-9
-37
-23
34
40
-86
79
60
6
-71
103
121
-12
-123
-57
-123
-70
-72
-48
-64
-24
-29
-22
-39
-77
103
-37
122
113
-82
79
27
-114
2
16
0
-23
66
-28
23
38
30
101
53
54
54
-22
-33
-65
-112
28
67
87
65
81
-67
2
-78
-25
0
-93
-113
-67
12
-32
49
44
47
47
-81
78
-97
12
88
2
-28
17
-101
-97
17
-128
68
15
-112
-95
-110
34
-81
55
86
123
123
-69
-45
-39
-39
-87
127
-81
100
-77
69
-118
-22
21
-112
51
-5
-63
-29
104
19
63
67
-16
-72
-82
-86
-86
-54
-42
-117
-13
-43
-110
81
54
63
35
0
-119
24
32
46
34
99
-67
-82
80
-17
66
-60
-3
-5
20
-70
11
-118
-38
2
-113
-47
-3
-32
113
90
-74
-121
68
-11
24
125
-20
88
88
88
-72
-62
125
-100
108
35
63
-73
-3
57
1
72
4
1
113
17
-71
-61
-16
-51
54
-127
110
-125
-94
-66
122
-9
-47
-41
-24
67
-73
51
49
50
-7
68
-16
120
-66
-91
-91
101
-109
-59
105
-69
-42
15
-109
3
-112
-24
2
50
66
-78
-48
-32
13
-89
-25
-122
-20
73
-9
65
1
-56
35
99
-6
121
105
62
-46
-60
-49
40
40
40
56
-94
-86
-86
106
-107
37
60
52
-89
-7
-15
89
1
72
68
1
113
17
57
-39
-99
101
97
108
-70
-97
100
8
93
8
-107
96
60
6
-69
-25
-104
-9
-60
67
87
-94
-17
110
-22
-25
-108
-107
-107
21
89
124
116
53
-43
-81
-49
11
64
34
12
-120
-91
71
89
19
-23
70
-88
4
3
-46
-41
-119
-125
-5
-104
-6
25
-107
-107
-107
-65
108
109
109
-35
108
9
15
-99
14
-68
-101
95
-97
23
-128
68
31
-112
-31
-110
50
-61
-13
-58
47
-96
43
-95
18
-120
-57
8
-55
5
-67
-32
113
-112
-87
-97
-79
124
-7
-14
-35
107
106
106
86
90
124
116
-11
61
63
63
51
0
-119
56
32
46
34
71
75
62
55
120
19
-74
75
-66
65
-105
66
37
12
-112
99
123
-63
-29
112
-109
63
67
-16
-104
110
-23
-108
65
-51
7
126
127
102
0
18
3
64
92
68
-2
-49
-16
-51
56
79
-78
45
-35
10
-107
16
60
118
-23
5
15
-93
43
-72
91
90
90
126
-95
-69
98
91
-62
99
-83
100
95
0
1
-112
108
1
25
36
-7
-85
-31
-101
-14
85
-3
-9
-46
-67
80
49
-57
67
95
-100
-113
-77
-119
-121
-98
46
-38
-39
-39
-71
-34
-30
-93
-85
-97
6
-15
-39
1
72
76
0
113
111
-46
-47
-18
116
92
-109
55
-26
-17
-23
98
-88
-104
3
114
-80
101
60
-74
113
-41
101
-40
-62
-29
111
65
125
-47
3
-112
24
1
-30
-34
-84
19
44
-36
-96
87
-45
-51
80
49
-59
99
100
-113
-61
-94
14
-77
-48
38
-97
-75
-120
71
-89
100
-17
-96
62
63
0
-119
25
32
-18
13
59
-55
-16
77
-70
65
114
38
-35
13
21
-13
71
87
7
88
104
-117
63
-77
-120
-121
-26
7
65
126
-122
0
18
79
64
116
-61
-59
28
11
27
-77
29
65
-73
67
-59
8
-112
-61
93
56
46
-46
-43
-25
22
-38
-31
41
-18
-105
47
91
120
76
11
-6
51
4
-112
24
2
-30
-34
-68
-6
62
-92
-55
-16
13
91
47
-39
-117
-82
-121
-118
1
30
93
-101
37
-22
105
-125
-69
88
104
127
123
75
-102
45
-30
81
39
-39
9
64
0
-60
38
34
103
-104
-40
-75
-73
71
42
-3
92
-23
74
81
22
-16
-40
-58
-123
67
79
19
-36
-50
66
-69
-37
86
82
98
17
-113
77
97
121
-92
12
32
49
6
-60
-67
-103
127
97
-31
6
-98
43
25
73
87
68
69
16
-113
-95
-18
78
-69
39
-24
-33
45
-76
55
-99
78
-1
-102
-27
-9
30
-73
-123
-27
-13
4
-112
-104
3
-30
-34
-44
-49
89
-72
-119
-13
116
122
34
93
18
21
33
60
116
-101
-10
-29
109
-68
44
-17
-42
-42
-18
-79
-116
-57
39
97
-38
-16
20
64
-110
1
-120
110
-3
94
104
-31
102
-2
24
68
-88
8
1
-94
27
37
-18
104
-79
-99
-39
-98
113
-91
-17
52
71
-121
-23
51
5
-112
4
0
-30
-34
-36
123
72
26
64
-124
74
40
30
-61
76
-100
34
-40
79
-5
-6
-74
-31
-93
21
122
123
-17
113
86
-40
62
87
0
73
8
32
-18
77
126
-94
100
61
-120
80
-108
-47
118
53
-18
-45
47
-53
-26
-24
-29
-1
-62
-8
-33
14
32
9
2
-60
-67
-39
47
-105
-40
56
-117
32
-105
23
-21
84
2
-15
56
-50
93
35
101
19
-113
-105
-61
-70
39
29
-128
36
12
16
-9
-90
-1
-123
-91
27
125
54
83
124
-87
4
-31
113
-80
-92
-43
50
30
-95
-34
21
27
64
18
8
-120
123
-13
63
104
-23
-122
47
103
-79
33
-107
0
60
14
112
23
-42
-38
-60
-93
45
-20
-25
-14
0
72
114
1
25
34
121
-53
-46
-115
95
43
57
-116
110
-122
2
15
79
-5
-49
-99
21
-10
-49
2
64
18
10
-120
-37
16
-74
-79
-80
103
86
-9
111
79
-89
-46
-35
80
-32
-111
85
-82
-119
-62
-25
1
32
9
6
-60
109
16
35
13
-97
-87
-34
61
58
-29
-21
59
116
59
20
120
100
-108
73
81
-7
76
0
36
-31
-128
-72
13
99
119
-55
18
-117
13
-30
6
-70
31
42
-30
120
28
-23
-61
11
115
-57
-35
6
101
72
84
62
23
0
1
-112
-82
6
-78
-65
-27
111
87
83
37
-61
-23
-118
-88
8
-74
-115
111
-6
-124
-121
78
-123
31
17
-91
-49
6
64
0
-92
-25
16
-67
-47
98
3
-47
-19
84
-58
-48
37
81
17
106
19
-25
91
90
124
-37
-37
46
-41
59
69
-19
-13
1
16
0
-15
123
-88
-82
-5
-7
-100
76
-41
68
69
-96
45
-4
-85
-27
3
-95
-70
-97
-77
-77
119
20
63
35
0
1
-112
32
16
-47
70
-7
51
-70
40
42
-60
109
-32
55
62
-64
-31
-72
-19
-20
-48
-88
126
78
0
2
32
65
33
-46
-75
69
-61
-10
116
87
84
-120
-18
-5
97
-110
39
124
-62
67
-73
64
57
54
-54
-97
23
-128
0
72
-48
-120
44
-106
28
77
-41
69
-123
-32
126
-33
89
-14
-95
79
120
-24
123
-107
-45
-94
-2
-103
1
8
-128
12
-44
-88
-4
-104
-5
-2
-103
-28
-38
-80
110
24
71
37
2
-113
35
36
75
125
-60
99
124
28
62
55
0
1
-112
116
17
-87
-11
-95
97
-67
-89
107
82
-24
-50
18
-37
-119
-21
-10
58
59
6
16
-35
-95
122
13
120
0
8
-128
-40
107
-36
123
73
42
124
104
96
-38
-112
-85
-45
76
-69
-92
35
1
-7
-36
-89
-50
-115
-128
7
-128
0
-120
-43
103
-60
-7
116
4
-124
-128
7
-128
0
72
54
-120
-24
6
-116
127
-95
67
32
36
-93
-39
86
103
-60
-79
63
0
16
0
-55
6
17
-99
-22
-8
20
29
3
33
3
102
-91
110
-123
18
-41
-66
0
64
0
-60
11
36
-65
-91
-125
32
-92
-49
52
-24
84
-8
56
-9
1
0
2
32
94
17
-7
110
54
47
121
59
58
58
-100
-6
-6
122
103
-39
-78
101
-50
-110
37
75
8
9
77
-12
-98
-44
123
115
-11
-22
-43
94
-16
88
40
-39
55
-18
-19
31
64
0
-60
4
34
-89
75
86
-91
-45
-80
86
-82
92
-23
-108
-108
-108
56
51
102
-52
32
36
-12
41
43
43
115
-38
-38
-38
50
-59
-93
64
-78
91
18
-38
62
-128
0
-120
41
68
-10
-107
-52
-21
-81
97
-43
-42
-42
58
57
57
57
116
76
36
82
-55
-51
-51
117
26
27
27
-45
-59
-29
29
-99
104
-110
-108
118
15
32
0
98
18
-111
109
37
-81
-10
-42
-80
-102
-102
-102
-24
-116
72
-92
17
-47
-47
-13
0
120
76
-114
-46
97
80
0
2
32
97
68
100
-112
-28
-58
-18
13
107
-35
-70
117
-50
-84
89
-77
-24
-120
72
-92
83
84
84
-44
23
28
-101
36
-1
-103
-60
-10
14
32
0
98
11
-110
11
37
109
-38
-64
-12
-123
36
29
16
-119
67
90
90
90
122
-30
-95
59
5
-100
-97
-44
118
14
32
0
98
19
-111
-67
37
-77
43
42
42
-24
124
72
44
-78
104
-47
-94
-98
-89
8
30
-108
-28
54
14
32
0
98
27
-111
97
-123
-123
-123
43
-24
124
72
28
-94
95
-122
92
60
-34
-32
44
27
0
1
16
31
74
26
94
14
-99
15
-119
67
-54
-53
-53
55
11
28
55
112
-12
0
-128
0
-120
127
-128
76
-91
-13
33
49
121
-111
-2
18
45
26
64
0
-60
95
64
-82
-94
-13
33
49
-55
-23
-76
104
0
1
16
127
1
25
46
-87
-90
-13
33
81
78
78
78
78
-103
-4
-55
-93
43
0
1
-112
0
16
57
95
-78
-103
-114
-120
68
52
-97
73
-114
-93
37
3
8
-128
4
84
-81
-67
58
109
18
91
-103
-112
8
-114
60
-42
-53
-97
23
-47
-126
1
4
64
2
-84
-119
55
-34
48
-8
-71
-87
83
27
-53
74
75
-23
-104
72
36
-110
63
115
-90
-4
49
-29
32
90
47
-128
0
72
56
16
-7
-47
39
31
125
-104
-102
75
-33
-36
-36
-100
-38
96
-79
-70
-70
-102
-112
-48
-92
-90
-90
-58
-55
-53
-51
-39
-4
-4
-77
83
-65
69
-117
5
16
0
9
23
32
67
127
119
-45
111
-25
-49
-81
-88
112
40
42
76
-43
-74
106
-107
-13
-73
15
-34
119
-18
-66
-13
-9
-114
-36
-89
-1
77
107
5
16
0
9
39
34
-89
-33
58
-15
-90
-51
-27
-13
-54
-24
-75
-88
64
107
-61
-25
-97
59
21
-27
-13
-100
103
-98
122
-46
-111
47
54
10
-121
-26
79
-76
82
0
1
-112
112
35
114
-105
54
-40
-9
-34
125
-57
-39
-80
97
3
61
25
-27
91
125
-10
-39
103
78
-123
124
121
121
-7
-59
23
-100
-37
111
-103
-40
-123
70
42
-14
-59
-26
57
-7
115
8
45
20
64
0
36
-28
-113
-78
36
127
-45
70
123
-33
-35
119
57
-7
121
-71
-50
-70
-75
107
-23
-35
40
-13
-75
121
-77
-45
-40
-48
-32
-52
-52
-51
113
-98
125
-6
73
-25
-74
-33
-35
-68
5
26
26
-3
50
51
-3
-29
-113
-12
-35
-36
95
-110
118
-90
7
-128
0
72
36
-85
-91
-91
-7
-114
71
-1
-12
-48
22
-115
-8
-87
-57
31
77
97
-94
-49
-93
41
42
-101
-6
-30
-117
47
-100
-70
-38
-102
-44
125
52
-19
-91
23
-100
73
119
-36
-2
15
96
116
-49
-67
-109
-18
114
22
111
-71
-53
-18
-67
-76
78
0
1
-112
16
-105
52
-46
75
-75
-79
118
116
116
56
79
63
-15
88
-81
13
-5
-63
63
-36
-17
-68
-5
-25
-73
-99
-54
-7
21
-87
67
-87
40
-22
31
30
71
-55
61
84
83
-67
-36
-103
83
88
-32
-68
-13
-10
91
-50
99
15
-1
81
31
67
-11
11
70
-9
-68
-6
-54
-53
78
71
123
123
111
-121
68
-3
-128
86
10
32
0
18
78
60
-66
-34
117
-40
84
-41
-119
-123
-17
-1
-27
-35
126
27
-70
-114
78
-2
-12
-32
3
-50
-37
111
-66
-31
-52
-99
51
59
-11
72
98
-45
-90
77
-12
-96
9
25
81
-56
104
-43
-87
90
-80
-64
-103
53
51
47
-11
-91
98
-22
-45
79
57
-9
-33
51
41
109
40
122
102
-14
-67
119
59
-13
-1
-66
53
123
111
-39
32
57
-111
-42
10
32
0
18
46
60
-122
72
102
-12
-42
104
-105
45
93
34
72
76
73
-69
19
-48
23
-96
-113
-4
-15
33
-25
-115
-41
94
117
-14
114
102
56
11
-85
22
56
-85
86
-82
116
54
109
-36
72
-81
27
-127
-6
-4
-13
-49
-99
85
-85
86
58
117
-75
-75
-126
67
101
-22
-117
65
-18
-116
-23
-87
-111
-60
-13
-49
78
117
30
126
104
-54
-128
-113
-97
50
-115
-66
-1
-48
-87
-70
107
-42
-84
25
-24
124
115
-51
114
-55
78
-76
90
0
1
-112
-16
0
114
125
127
-115
118
-3
-6
-11
-87
111
-103
94
58
14
29
-83
-24
-73
83
125
52
-10
-26
-21
-81
57
31
127
-8
55
-89
104
118
-95
-77
-96
-78
-46
-87
-81
-85
115
86
119
116
56
95
48
-13
107
-64
-38
40
16
-21
35
34
-51
90
-23
112
-11
81
79
107
107
-117
-45
-44
-40
-104
122
-57
80
-67
124
-103
-77
120
-47
-62
84
-25
95
94
86
-22
-108
-106
20
59
-77
11
10
82
-17
30
-12
-123
-76
-114
42
-33
122
-29
117
103
-38
-53
47
57
-49
79
125
-38
121
-4
-111
63
57
83
38
-33
-97
90
103
113
-53
-51
55
26
-123
33
-99
123
-30
-75
105
-81
-92
70
50
105
-64
-47
61
-81
-45
106
1
4
64
-62
-127
-57
-79
-110
-115
-23
52
92
-19
-28
63
-4
-21
7
-50
29
-73
-35
98
-83
83
-47
111
-93
-9
78
-70
-45
-7
-29
-108
7
82
-40
-68
-8
-4
115
-87
78
70
31
-109
125
-16
-34
-69
-87
78
48
103
-6
39
78
65
126
126
42
-6
-100
93
59
73
-115
78
3
-43
-114
83
-77
100
-15
-30
84
103
-38
51
-6
-56
-91
-21
-97
-23
45
-70
14
-90
-21
-33
87
82
60
-9
-85
-97
-93
-47
111
-30
-6
-13
-69
-94
-99
113
87
-34
121
-5
-51
20
-116
26
29
125
-67
-4
-62
115
95
-27
-71
-87
-49
56
-49
60
-7
-8
87
-47
78
-5
-31
-121
30
-4
42
127
-72
-17
94
103
-14
-67
-9
-72
-71
-37
-71
-13
-10
91
-65
-54
-17
111
-3
-99
-81
-99
-70
95
112
-68
-4
-30
-13
78
125
125
125
-90
112
116
-49
79
105
-67
0
2
32
-63
-30
49
84
82
-100
105
-29
-43
111
-67
10
-55
93
-65
-65
45
118
-99
27
-79
23
125
-68
-87
95
4
26
27
27
-68
-64
-47
-107
-11
-110
3
105
-59
0
2
32
-63
1
-14
107
47
-115
120
-11
-22
-43
-50
-12
79
62
78
125
107
-90
-125
36
125
69
71
-109
-6
8
77
71
-80
6
-32
-24
-98
92
-55
96
90
50
-128
0
-120
-1
120
28
32
-7
-52
68
67
-42
119
36
-13
43
-54
-99
103
-97
121
-70
-5
-42
19
36
-63
-47
-9
101
-6
40
111
-39
-46
-91
-90
-47
-24
-103
95
-46
-102
1
4
64
-4
7
-28
29
27
13
-70
-71
-87
-55
-7
-28
-29
-113
82
-45
123
-23
72
-109
21
125
17
-81
-17
-128
-12
93
-110
126
-87
-80
12
71
87
-76
-10
-93
69
3
8
-128
-8
-121
-57
5
126
52
110
125
73
-6
-47
-33
-2
-22
-4
113
-54
31
-24
96
99
24
-99
-75
-11
-60
-93
15
-89
-34
-121
-23
-92
5
31
-47
-24
-103
119
105
-43
0
2
32
-2
-32
-79
-107
100
-95
-33
-115
92
-89
-102
-50
-103
93
-24
-68
-14
-46
11
-68
124
-113
-16
75
112
5
67
55
-37
-44
-35
114
-11
29
88
64
96
-12
-106
75
105
-35
0
2
32
-10
1
-71
54
-24
-58
-82
-33
84
117
-95
-38
-84
-4
-103
-87
109
43
30
-72
-1
94
58
-24
-112
69
-89
106
-21
116
99
125
-113
81
32
-41
-87
-90
-90
58
-75
59
65
-120
-64
-24
-103
26
-55
-42
-76
112
0
1
16
123
120
108
39
105
10
99
7
-48
-34
-42
-106
90
-75
-82
-85
-41
95
127
117
-102
-93
27
58
-10
-36
-42
-101
-104
-115
-18
79
53
101
-14
125
-87
45
72
116
122
-83
-82
115
-47
61
-50
90
91
90
-62
12
69
127
-71
-98
86
14
32
0
98
15
-112
27
-94
-42
41
104
103
-90
43
-85
-11
-15
-105
110
119
49
-19
-27
23
-99
39
30
123
52
53
106
1
-104
-66
103
64
-23
-25
-93
-101
24
62
-9
-52
83
-87
81
-60
95
-33
127
-49
-55
-97
-103
-25
-52
43
43
77
109
79
-93
-113
20
35
-118
68
127
89
45
-39
13
64
0
4
64
-52
-29
-79
-93
-92
35
110
-99
-122
62
-121
95
81
95
-97
122
-119
-85
-49
-27
117
123
-108
-100
-23
-45
83
29
-90
-18
-33
-92
-113
-56
94
122
-31
-71
-44
-73
108
-123
71
103
-121
-23
-70
4
93
-3
-83
91
-85
-36
115
-41
29
-87
-57
53
-3
-91
-73
78
90
87
-120
-9
-10
-49
-22
42
122
-3
-9
118
-113
126
-53
-41
-97
-39
21
-35
43
76
127
-105
-82
-24
-118
-5
23
-98
125
38
21
125
71
-92
-65
-77
110
55
-94
-65
-65
-82
114
-41
-105
-44
122
102
125
-18
-116
25
-87
-11
20
-87
-43
-9
-59
-59
-87
-47
-62
-110
-59
-117
-100
-38
-102
26
-89
-87
-87
49
53
-118
-117
33
10
-103
102
10
-128
0
8
-128
-104
7
-28
102
58
23
-110
-128
-24
-114
-67
123
3
8
-128
0
-120
-39
119
31
43
-23
92
72
66
-14
20
-128
0
8
-128
-104
3
-28
-25
116
42
36
65
-47
-51
65
15
0
16
0
1
16
-17
120
-24
-70
-113
21
116
42
36
97
121
18
64
0
4
64
-68
3
114
37
-99
9
73
-24
-69
-112
61
1
4
64
0
-60
27
32
-7
116
38
36
-95
-103
4
32
0
2
32
-39
-29
113
2
-99
8
73
112
116
-38
-6
-10
0
2
32
0
-110
29
32
79
-48
-119
-112
-124
-25
58
0
1
16
0
-55
28
-113
-19
37
-21
-24
64
72
-62
-77
72
50
8
64
0
4
64
50
3
-28
39
116
30
-124
-92
114
62
-128
0
8
-128
100
6
72
1
29
7
33
-87
-68
5
32
0
2
32
-23
-29
113
96
-36
59
5
-35
18
-66
-88
-88
-56
-103
54
109
-102
-13
-46
75
47
-7
-110
-87
83
-89
58
79
63
-3
116
-84
-94
-1
93
-91
-91
-91
73
88
88
56
26
64
0
4
64
-46
3
100
98
-36
1
121
-18
-71
-25
-100
-33
-4
-26
55
-60
80
-34
121
-25
-99
-72
35
-14
43
0
1
16
0
73
15
-112
-59
113
-18
12
-54
-53
-53
-23
-12
45
-92
-95
-95
33
-50
-128
84
1
8
-128
0
-56
-64
120
28
23
-9
-47
-57
-69
-17
-66
75
-121
111
33
-6
72
48
-26
-9
-50
73
0
2
32
0
-46
63
32
-73
-58
29
-112
55
-33
124
-109
14
-33
66
10
10
10
-30
14
-56
31
0
4
64
0
-92
127
64
-86
0
-124
0
72
-81
105
-108
12
1
16
0
1
-112
-34
-15
56
52
9
-45
50
1
4
64
60
-28
108
0
1
16
0
-23
29
-112
95
2
-56
-106
-103
56
113
-94
115
-17
-67
-9
58
-9
-35
119
95
100
-14
-64
3
15
56
83
-90
76
-15
-100
-55
-109
39
59
55
-33
124
51
-128
108
-103
7
1
4
64
0
-92
119
64
-90
3
-56
-33
-13
-16
-61
15
59
-77
103
-49
78
-67
28
78
106
20
-123
-5
-17
-65
31
64
-2
-98
26
0
1
16
0
-7
71
60
70
74
-66
0
-112
47
115
-29
-115
55
58
-123
-123
-123
-119
-58
-93
43
-45
-89
79
7
-112
45
51
22
64
0
4
64
-74
4
-28
-37
73
-39
-102
34
29
64
-18
-68
-13
78
-16
-24
22
0
-39
34
55
3
8
-128
0
-56
-106
-128
60
4
32
127
-49
93
119
-35
5
28
0
-46
87
-26
2
8
-128
0
-56
-106
-128
44
74
10
32
111
-65
-3
54
-128
0
-120
-41
-20
5
32
0
2
32
95
-30
49
58
73
-69
-85
-66
-1
-2
-5
0
2
32
94
115
13
-128
0
8
-128
124
9
-56
-27
0
2
32
0
-110
81
94
0
16
0
1
-112
47
1
-71
15
64
50
3
100
-31
-62
-123
78
109
109
-83
-107
-12
-11
51
117
-37
116
91
63
-77
-94
-94
2
64
50
75
19
-128
0
8
-128
124
9
72
33
-128
100
6
72
115
115
-77
99
-85
-6
-6
-103
-107
-107
-107
-42
126
-26
-14
-27
-53
1
36
-13
28
10
32
0
-110
104
64
-92
17
108
-109
-108
-11
31
0
2
32
-122
-13
51
0
1
-112
-92
3
114
102
-46
-114
40
5
16
0
49
-108
87
1
4
64
-110
14
-56
-1
2
72
-26
11
9
1
4
64
36
45
0
2
32
73
7
-28
121
0
-7
-57
-36
122
-21
-83
0
2
32
-23
100
63
0
1
-112
36
3
50
31
64
0
4
64
-78
-50
-107
0
2
32
-119
4
68
110
-2
-83
37
27
1
4
64
0
36
-21
-36
11
32
0
-110
84
64
78
76
96
-125
7
16
0
49
-103
-103
0
2
32
73
5
-28
71
0
-110
29
32
-53
-106
45
115
86
-82
92
105
37
125
-3
-52
121
-13
-26
89
-5
-103
85
85
85
0
-110
93
62
-115
-37
49
-73
0
2
32
-23
2
114
15
-128
100
7
8
91
-103
0
72
-73
28
2
32
0
-110
68
64
-34
2
16
0
1
16
-49
-71
2
64
0
36
-119
-128
44
4
16
0
1
16
-49
-71
5
64
0
36
81
-128
-56
77
63
52
105
91
-104
0
8
-128
88
-54
-101
0
2
32
73
3
100
-33
-124
54
118
0
1
16
-45
-87
2
16
0
73
26
32
103
0
8
-128
0
-120
-111
108
-120
-45
76
44
0
1
-112
116
0
-7
30
-128
100
15
72
117
117
-75
-45
-34
-34
30
-101
-24
-7
38
0
-62
-106
38
0
2
32
-23
2
-14
27
0
9
-25
66
-62
32
-118
-123
-124
-98
115
14
-128
0
72
-110
0
-71
31
64
0
4
64
-116
-27
-121
0
2
32
73
2
-28
5
0
1
16
0
49
-106
27
1
4
64
-110
4
-56
-101
0
2
32
0
98
44
-109
1
4
64
0
4
64
0
4
64
0
4
64
0
4
64
0
4
64
0
4
64
0
4
64
0
4
64
0
4
64
0
4
64
0
4
64
0
4
64
0
4
64
0
4
64
0
4
64
0
4
64
0
4
64
0
4
64
0
4
64
0
4
64
0
4
64
0
4
64
44
2
-14
62
-128
0
8
-128
0
8
-128
0
72
54
-128
76
7
16
0
1
16
0
1
16
0
1
16
-97
1
41
47
47
79
-19
96
27
-105
-108
-107
-107
1
8
-128
0
8
-128
0
8
-25
-127
112
30
8
-128
0
8
-128
0
8
-128
0
8
-128
0
8
-128
0
8
-128
0
8
-128
0
8
-128
0
8
-128
0
8
-128
-12
-52
20
0
1
16
0
1
16
0
1
-112
108
-14
52
-128
0
8
-128
0
72
42
-41
95
127
-67
-109
-105
-105
7
30
-110
15
62
-8
0
64
0
4
64
0
4
64
-46
5
68
115
-49
61
-9
56
-45
-89
79
79
60
30
-73
-35
118
27
-128
0
8
-128
0
8
-128
100
2
72
87
110
-70
-23
-90
68
-26
-122
27
110
-56
-24
115
2
16
0
1
16
0
1
16
-110
85
0
4
64
0
4
64
0
-124
0
8
-128
0
8
-128
0
8
-128
0
8
-128
0
8
-128
0
-120
-79
124
-12
-47
71
116
-8
22
-94
47
-35
1
4
64
0
4
64
98
-99
-22
-22
106
58
124
-61
-71
-15
-58
27
-99
-107
43
87
2
8
-128
0
8
-128
48
10
33
-103
-31
49
119
-18
-36
36
-29
1
32
0
2
32
73
75
109
109
-83
-109
-109
-109
-109
90
-21
65
-78
75
97
97
97
-46
71
30
0
2
32
0
66
8
1
16
0
1
16
0
33
4
64
0
4
64
0
-124
16
0
1
16
0
1
16
66
0
4
64
0
36
38
-128
-52
-96
-47
19
2
32
0
2
32
-39
0
82
74
-93
39
4
64
0
4
64
0
-124
16
0
1
16
0
1
16
66
0
4
64
-6
-54
-1
7
93
104
101
108
85
-11
-29
-19
0
0
0
0
73
69
78
68
-82
66
96
-126
]]></system-out>
    <system-err><![CDATA[SLF4J: Failed to load class "org.slf4j.impl.StaticLoggerBinder".
SLF4J: Defaulting to no-operation (NOP) logger implementation
SLF4J: See http://www.slf4j.org/codes.html#StaticLoggerBinder for further details.
]]></system-err>
  </testcase>
  <testcase name="imageToByte" classname="salt.hoprxi.to.ImageBytesConversionTest" time="0.001"/>
  <testcase name="testToPinYing" classname="salt.hoprxi.to.PinYinTest" time="0.001">
    <system-out><![CDATA[ls
20e3f220
]]></system-out>
  </testcase>
  <testcase name="testToShortPinYing" classname="salt.hoprxi.to.PinYinTest" time="0.001">
    <system-out><![CDATA[zuozhouguangyiguanggaoyouxiangongsi
lzgyggyxgs
 w
]]></system-out>
  </testcase>
  <testcase name="testApp on testApp(salt.hoprxi.AppTest)" classname="salt.hoprxi.AppTest" time="0.126"/>
</testsuite>