<?xml version="1.0" encoding="UTF-8"?>
<testsuite xmlns:xsi="http://www.w3.org/2001/XMLSchema-instance" xsi:noNamespaceSchemaLocation="https://maven.apache.org/surefire/maven-surefire-plugin/xsd/surefire-test-report.xsd" name="TestSuite" time="3.057" tests="3" errors="0" skipped="0" failures="0">
  <properties>
[...]
</properties>
  <testcase name="bytesToImage" classname="salt.hoprxi.to.ImageBytesConversionTest" time="2.051"/>
  <testcase name="imageToByte" classname="salt.hoprxi.to.ImageBytesConversionTest" time="0"/>
  <testcase name="shouldAnswerWithTrue on shouldAnswerWithTrue(salt.hoprxi.AppTest)" classname="salt.hoprxi.AppTest" time="0"/>
</testsuite>