<?xml version="1.0" encoding="UTF-8"?>
<!-- Generated by org.testng.reporters.JUnitXMLReporter -->
<testsuite hostname="DESKTOP-CDFTF4S" ignored="0" name="Surefire test" tests="7" failures="0" timestamp="2020-12-08T11:58:45 CST" time="0.6" errors="0">
  <testcase name="shouldAnswerWithTrue" time="0.57" classname="salt.hoprxi.AppTest"/>
  <testcase name="mantissaPreferenceFilter" time="0.005" classname="salt.hoprxi.utils.DigitPreferenceFilterTest"/>
  <testcase name="preferenceFilter" time="0.0" classname="salt.hoprxi.utils.DigitPreferenceFilterTest"/>
  <testcase name="getAbsolutePath" time="0.0" classname="salt.hoprxi.utils.UrlHelperTest"/>
  <testcase name="toUniversalFilePath" time="0.0" classname="salt.hoprxi.utils.UrlHelperTest"/>
  <testcase name="toUrl" time="0.0" classname="salt.hoprxi.utils.UrlHelperTest"/>
  <testcase name="toUrlWithPoint" time="0.0" classname="salt.hoprxi.utils.UrlHelperTest"/>
</testsuite> <!-- Surefire test -->
