<?xml version="1.0" encoding="UTF-8"?>
<testng-results skipped="0" failed="0" ignored="0" total="1" passed="1">
  <reporter-output>
  </reporter-output>
  <suite name="Surefire suite" duration-ms="50" started-at="2020-12-08T18:30:52 CST" finished-at="2020-12-08T18:30:52 CST">
    <groups>
    </groups>
    <test name="Surefire test" duration-ms="50" started-at="2020-12-08T18:30:52 CST" finished-at="2020-12-08T18:30:52 CST">
      <class name="salt.hoprxi.AppTest">
        <test-method status="PASS" signature="shouldAnswerWithTrue()" name="shouldAnswerWithTrue" duration-ms="9" started-at="2020-12-08T18:30:52 CST" finished-at="2020-12-08T18:30:52 CST">
          <reporter-output>
          </reporter-output>
        </test-method> <!-- shouldAnswerWithTrue -->
      </class> <!-- salt.hoprxi.AppTest -->
    </test> <!-- Surefire test -->
  </suite> <!-- Surefire suite -->
</testng-results>
