<?xml version="1.0" encoding="UTF-8"?>
<!-- Generated by org.testng.reporters.JUnitXMLReporter -->
<testsuite hostname="DESKTOP-3UDVRB3" ignored="0" name="Command line test" tests="4" failures="0" timestamp="2023-09-20T21:59:28 CST" time="3.35" errors="0">
  <testcase name="mantissaPreferenceFilter" time="0.013" classname="salt.hoprxi.utils.DigitPreferenceFilterTest"/>
  <testcase name="preferenceFilter" time="0.0" classname="salt.hoprxi.utils.DigitPreferenceFilterTest"/>
  <testcase name="testValueOf" time="0.005" classname="salt.hoprxi.utils.RandomGeneratorTest"/>
  <testcase name="testSelector" time="3.289" classname="salt.hoprxi.utils.SelectorTest"/>
</testsuite> <!-- Command line test -->
