<?xml version="1.0" encoding="UTF-8"?>
<testng-results skipped="0" failed="0" ignored="0" total="4" passed="4">
  <reporter-output>
  </reporter-output>
  <suite name="Surefire suite" duration-ms="3210" started-at="2024-01-11T22:06:55 CST" finished-at="2024-01-11T22:06:58 CST">
    <groups>
    </groups>
    <test name="Surefire test" duration-ms="3210" started-at="2024-01-11T22:06:55 CST" finished-at="2024-01-11T22:06:58 CST">
      <class name="salt.hoprxi.utils.DigitPreferenceFilterTest">
        <test-method status="PASS" signature="mantissaPreferenceFilter()[pri:0, instance:salt.hoprxi.utils.DigitPreferenceFilterTest@5702b3b1]" name="mantissaPreferenceFilter" duration-ms="7" started-at="2024-01-11T22:06:55 CST" finished-at="2024-01-11T22:06:55 CST">
          <reporter-output>
          </reporter-output>
        </test-method> <!-- mantissaPreferenceFilter -->
        <test-method status="PASS" signature="preferenceFilter()[pri:0, instance:salt.hoprxi.utils.DigitPreferenceFilterTest@5702b3b1]" name="preferenceFilter" duration-ms="1" started-at="2024-01-11T22:06:55 CST" finished-at="2024-01-11T22:06:55 CST">
          <reporter-output>
          </reporter-output>
        </test-method> <!-- preferenceFilter -->
      </class> <!-- salt.hoprxi.utils.DigitPreferenceFilterTest -->
      <class name="salt.hoprxi.utils.RandomGeneratorTest">
        <test-method status="PASS" signature="testValueOf()[pri:0, instance:salt.hoprxi.utils.RandomGeneratorTest@69ea3742]" name="testValueOf" duration-ms="5" started-at="2024-01-11T22:06:55 CST" finished-at="2024-01-11T22:06:55 CST">
          <reporter-output>
          </reporter-output>
        </test-method> <!-- testValueOf -->
      </class> <!-- salt.hoprxi.utils.RandomGeneratorTest -->
      <class name="salt.hoprxi.utils.SelectorTest">
        <test-method status="PASS" signature="testSelector()[pri:0, instance:salt.hoprxi.utils.SelectorTest@4b952a2d]" name="testSelector" duration-ms="3166" started-at="2024-01-11T22:06:55 CST" finished-at="2024-01-11T22:06:58 CST">
          <reporter-output>
          </reporter-output>
        </test-method> <!-- testSelector -->
      </class> <!-- salt.hoprxi.utils.SelectorTest -->
    </test> <!-- Surefire test -->
  </suite> <!-- Surefire suite -->
</testng-results>
