<?xml version="1.0" encoding="UTF-8"?>
<!-- Generated by org.testng.reporters.JUnitXMLReporter -->
<testsuite hostname="DESKTOP-3UDVRB3" ignored="0" name="Command line test" tests="13" failures="0" timestamp="2023-09-20T21:59:38 CST" time="3.375" errors="0">
  <testcase name="bcryptEncryptAndCheck" time="0.181" classname="salt.hoprxi.crypto.HashServiceTest"/>
  <testcase name="pbhkdf2EncryptAndCheck" time="0.496" classname="salt.hoprxi.crypto.HashServiceTest"/>
  <testcase name="scryptCheck" time="1.163" classname="salt.hoprxi.crypto.HashServiceTest"/>
  <testcase name="scryptSha" time="0.001" classname="salt.hoprxi.crypto.HashServiceTest"/>
  <testcase name="scryptSha" time="0.0" classname="salt.hoprxi.crypto.HashServiceTest"/>
  <testcase name="SM3EncryptAndCheck" time="0.006" classname="salt.hoprxi.crypto.HashServiceTest"/>
  <testcase name="SM3EncryptAndCheck" time="0.002" classname="salt.hoprxi.crypto.HashServiceTest"/>
  <testcase name="testAes" time="0.099" classname="salt.hoprxi.crypto.PasswordServiceTest"/>
  <testcase name="testGeneratePassword" time="0.003" classname="salt.hoprxi.crypto.PasswordServiceTest"/>
  <testcase name="testIsStrong" time="0.0" classname="salt.hoprxi.crypto.PasswordServiceTest"/>
  <testcase name="testKeyPair" time="0.478" classname="salt.hoprxi.crypto.PasswordServiceTest"/>
  <testcase name="testSign" time="0.124" classname="salt.hoprxi.crypto.PasswordServiceTest"/>
  <testcase name="testStored" time="0.785" classname="salt.hoprxi.crypto.PasswordServiceTest"/>
</testsuite> <!-- Command line test -->
