<?xml version="1.0" encoding="UTF-8"?>
<!-- Generated by org.testng.reporters.JUnitReportReporter -->
<testsuite skipped="0" hostname="DESKTOP-9O90HDH" name="salt.hoprxi.utils.DigitPreferenceFilterTest" tests="2" failures="0" timestamp="2021-03-14T16:29:03 CST" time="0.020" errors="0">
  <testcase name="mantissaPreferenceFilter" time="0.020" classname="salt.hoprxi.utils.DigitPreferenceFilterTest"/>
  <system-out/>
  <testcase name="preferenceFilter" time="0.000" classname="salt.hoprxi.utils.DigitPreferenceFilterTest"/>
  <system-out/>
</testsuite> <!-- salt.hoprxi.utils.DigitPreferenceFilterTest -->
