<?xml version="1.0" encoding="UTF-8"?>
<!-- Generated by org.testng.reporters.JUnitReportReporter -->
<testsuite skipped="0" hostname="DESKTOP-CDFTF4S" name="salt.hoprxi.utils.UrlHelperTest" tests="4" failures="0" timestamp="2020-12-08T11:58:45 CST" time="0.000" errors="0">
  <testcase name="toUrl" time="0.000" classname="salt.hoprxi.utils.UrlHelperTest"/>
  <system-out/>
  <testcase name="toUrlWithPoint" time="0.000" classname="salt.hoprxi.utils.UrlHelperTest"/>
  <system-out/>
  <testcase name="getAbsolutePath" time="0.000" classname="salt.hoprxi.utils.UrlHelperTest"/>
  <system-out/>
  <testcase name="toUniversalFilePath" time="0.000" classname="salt.hoprxi.utils.UrlHelperTest"/>
  <system-out/>
</testsuite> <!-- salt.hoprxi.utils.UrlHelperTest -->
