<?xml version="1.0" encoding="UTF-8"?>
<!-- Generated by org.testng.reporters.JUnitReportReporter -->
<testsuite skipped="0" hostname="DESKTOP-CDFTF4S" name="salt.hoprxi.utils.DigitPreferenceFilterTest" tests="2" failures="0" timestamp="2020-12-08T11:58:45 CST" time="0.005" errors="0">
  <testcase name="mantissaPreferenceFilter" time="0.005" classname="salt.hoprxi.utils.DigitPreferenceFilterTest"/>
  <system-out/>
  <testcase name="preferenceFilter" time="0.000" classname="salt.hoprxi.utils.DigitPreferenceFilterTest"/>
  <system-out/>
</testsuite> <!-- salt.hoprxi.utils.DigitPreferenceFilterTest -->
