<?xml version="1.0" encoding="UTF-8"?>
<!-- Generated by org.testng.reporters.JUnitXMLReporter -->
<testsuite hostname="DESKTOP-3UDVRB3" ignored="0" name="Command line test" tests="5" failures="0" timestamp="2023-09-20T21:59:33 CST" time="0.831" errors="0">
  <testcase name="generate" time="0.645" classname="salt.hoprxi.id.LongIdTest"/>
  <testcase name="timestamp" time="0.07" classname="salt.hoprxi.id.LongIdTest"/>
  <testcase name="id" time="0.074" classname="salt.hoprxi.id.ObjectIdTest"/>
  <testcase name="out" time="0.0" classname="salt.hoprxi.id.ObjectIdTest"/>
  <testcase name="timestamp" time="0.0" classname="salt.hoprxi.id.ObjectIdTest"/>
</testsuite> <!-- Command line test -->
